2023-07-10 16:10:58,879 [INFO] Activator:178 - 


2023-07-10 16:10:58,879 [INFO] Activator:179 - !SESSION log4j initialized
2023-07-10 16:11:03,314 [INFO] ApplicationProperties:181 - Using Application install path: C:\ST\STM32CubeIDE_1.4.0\STM32CubeIDE\plugins\com.st.stm32cube.common.mx_6.0.0.202007160824
2023-07-10 16:11:03,330 [INFO] DbMcusXml:70 - Set database path to: C:\ST\STM32CubeIDE_1.4.0\STM32CubeIDE\plugins\com.st.stm32cube.common.mx_6.0.0.202007160824\\db\/mcu/
2023-07-10 16:11:03,330 [INFO] DbBoardsPdsc:56 - Set plugin database path to: C:\ST\STM32CubeIDE_1.4.0\STM32CubeIDE\plugins\com.st.stm32cube.common.mx_6.0.0.202007160824\\db\/plugins/boardmanager/
2023-07-10 16:11:03,330 [INFO] DbMcus:258 - Set plugin images path to: C:\ST\STM32CubeIDE_1.4.0\STM32CubeIDE\plugins\com.st.stm32cube.common.mx_6.0.0.202007160824\\db\/plugins/mcufinder/images/
2023-07-10 16:11:03,330 [INFO] DbBoards:264 - Set plugin images path to: C:\ST\STM32CubeIDE_1.4.0\STM32CubeIDE\plugins\com.st.stm32cube.common.mx_6.0.0.202007160824\\db\/plugins/mcufinder/images/
2023-07-10 16:11:03,330 [INFO] DbExamples:326 - Set plugin images path to: C:\ST\STM32CubeIDE_1.4.0\STM32CubeIDE\plugins\com.st.stm32cube.common.mx_6.0.0.202007160824\\db\/plugins/mcufinder/images/
2023-07-10 16:11:03,345 [INFO] DbMcusDocs:112 - Set database path to: C:\Users\abdom\.stmcufinder\plugins\mcufinder//mcu/
2023-07-10 16:11:03,345 [INFO] DbMcusJson:63 - Set database path to: C:\Users\abdom\.stmcufinder\plugins\mcufinder//mcu/
2023-07-10 16:11:03,345 [INFO] DbBoardsDocs:112 - Set database path to: C:\Users\abdom\.stmcufinder\plugins\mcufinder//mcu/
2023-07-10 16:11:03,345 [INFO] DbBoardsJson:56 - Set database path to: C:\Users\abdom\.stmcufinder\plugins\mcufinder//mcu/
2023-07-10 16:11:03,345 [INFO] CrossReferenceDbSqlite:196 - Set database path to: C:\Users\abdom\.stmcufinder\plugins\mcufinder//mcu/cs/
2023-07-10 16:11:03,345 [INFO] DbExamplesSqlite:800 - Set database path to: C:\Users\abdom\.stmcufinder\plugins\mcufinder//mcu/
2023-07-10 16:11:03,565 [INFO] RulesReader:52 - Compatibility file has been processed (209 Rules)
2023-07-10 16:11:03,643 [INFO] MicroXplorer:564 - Detected Java Version = 1.8.0_252
2023-07-10 16:11:03,643 [INFO] DbMcusXml:70 - Set database path to: C:\ST\STM32CubeIDE_1.4.0\STM32CubeIDE\plugins\com.st.stm32cube.common.mx_6.0.0.202007160824\\db\/mcu/
2023-07-10 16:11:03,643 [INFO] DbBoardsPdsc:56 - Set plugin database path to: C:\ST\STM32CubeIDE_1.4.0\STM32CubeIDE\plugins\com.st.stm32cube.common.mx_6.0.0.202007160824\\db\/plugins/boardmanager/
2023-07-10 16:11:03,643 [INFO] DbMcus:258 - Set plugin images path to: C:\ST\STM32CubeIDE_1.4.0\STM32CubeIDE\plugins\com.st.stm32cube.common.mx_6.0.0.202007160824\\db\/plugins/mcufinder/images/
2023-07-10 16:11:03,643 [INFO] DbBoards:264 - Set plugin images path to: C:\ST\STM32CubeIDE_1.4.0\STM32CubeIDE\plugins\com.st.stm32cube.common.mx_6.0.0.202007160824\\db\/plugins/mcufinder/images/
2023-07-10 16:11:03,643 [INFO] DbExamples:326 - Set plugin images path to: C:\ST\STM32CubeIDE_1.4.0\STM32CubeIDE\plugins\com.st.stm32cube.common.mx_6.0.0.202007160824\\db\/plugins/mcufinder/images/
2023-07-10 16:11:03,643 [WARN] DbFile:36 - Overriding database path with different value: C:\Users\abdom\.stmcufinder\plugins\mcufinder/ => C:\Users\abdom\.stmcufinder\plugins\mcufinder
2023-07-10 16:11:03,643 [INFO] DbMcusDocs:112 - Set database path to: C:\Users\abdom\.stmcufinder\plugins\mcufinder//mcu/
2023-07-10 16:11:03,643 [WARN] DbFile:36 - Overriding database path with different value: C:\Users\abdom\.stmcufinder\plugins\mcufinder/ => C:\Users\abdom\.stmcufinder\plugins\mcufinder
2023-07-10 16:11:03,643 [INFO] DbMcusJson:63 - Set database path to: C:\Users\abdom\.stmcufinder\plugins\mcufinder//mcu/
2023-07-10 16:11:03,643 [WARN] DbFile:36 - Overriding database path with different value: C:\Users\abdom\.stmcufinder\plugins\mcufinder/ => C:\Users\abdom\.stmcufinder\plugins\mcufinder
2023-07-10 16:11:03,643 [INFO] DbBoardsDocs:112 - Set database path to: C:\Users\abdom\.stmcufinder\plugins\mcufinder//mcu/
2023-07-10 16:11:03,643 [WARN] DbFile:36 - Overriding database path with different value: C:\Users\abdom\.stmcufinder\plugins\mcufinder/ => C:\Users\abdom\.stmcufinder\plugins\mcufinder
2023-07-10 16:11:03,643 [INFO] DbBoardsJson:56 - Set database path to: C:\Users\abdom\.stmcufinder\plugins\mcufinder//mcu/
2023-07-10 16:11:03,643 [WARN] DbFile:36 - Overriding database path with different value: C:\Users\abdom\.stmcufinder\plugins\mcufinder/ => C:\Users\abdom\.stmcufinder\plugins\mcufinder
2023-07-10 16:11:03,643 [WARN] DbFile:36 - Overriding database path with different value: C:\Users\abdom\.stmcufinder\plugins\mcufinder/ => C:\Users\abdom\.stmcufinder\plugins\mcufinder
2023-07-10 16:11:03,643 [INFO] CrossReferenceDbSqlite:196 - Set database path to: C:\Users\abdom\.stmcufinder\plugins\mcufinder//mcu/cs/
2023-07-10 16:11:03,643 [WARN] DbFile:36 - Overriding database path with different value: C:\Users\abdom\.stmcufinder\plugins\mcufinder/ => C:\Users\abdom\.stmcufinder\plugins\mcufinder
2023-07-10 16:11:03,643 [INFO] DbExamplesSqlite:800 - Set database path to: C:\Users\abdom\.stmcufinder\plugins\mcufinder//mcu/
2023-07-10 16:11:03,710 [INFO] MainPanel:189 - HeapMemory: 268435456
2023-07-10 16:11:03,769 [INFO] DbMcusXml:70 - Set database path to: C:\ST\STM32CubeIDE_1.4.0\STM32CubeIDE\plugins\com.st.stm32cube.common.mx_6.0.0.202007160824\\db\/mcu/
2023-07-10 16:11:03,769 [INFO] DbBoardsPdsc:56 - Set plugin database path to: C:\ST\STM32CubeIDE_1.4.0\STM32CubeIDE\plugins\com.st.stm32cube.common.mx_6.0.0.202007160824\\db\/plugins/boardmanager/
2023-07-10 16:11:03,769 [INFO] DbMcus:258 - Set plugin images path to: C:\ST\STM32CubeIDE_1.4.0\STM32CubeIDE\plugins\com.st.stm32cube.common.mx_6.0.0.202007160824\\db\/plugins/mcufinder/images/
2023-07-10 16:11:03,769 [INFO] DbBoards:264 - Set plugin images path to: C:\ST\STM32CubeIDE_1.4.0\STM32CubeIDE\plugins\com.st.stm32cube.common.mx_6.0.0.202007160824\\db\/plugins/mcufinder/images/
2023-07-10 16:11:03,769 [INFO] DbExamples:326 - Set plugin images path to: C:\ST\STM32CubeIDE_1.4.0\STM32CubeIDE\plugins\com.st.stm32cube.common.mx_6.0.0.202007160824\\db\/plugins/mcufinder/images/
2023-07-10 16:11:03,769 [WARN] DbFile:36 - Overriding database path with different value: C:\Users\abdom\.stmcufinder\plugins\mcufinder/ => C:\Users\abdom\.stmcufinder\plugins\mcufinder
2023-07-10 16:11:03,769 [INFO] DbMcusDocs:112 - Set database path to: C:\Users\abdom\.stmcufinder\plugins\mcufinder//mcu/
2023-07-10 16:11:03,769 [WARN] DbFile:36 - Overriding database path with different value: C:\Users\abdom\.stmcufinder\plugins\mcufinder/ => C:\Users\abdom\.stmcufinder\plugins\mcufinder
2023-07-10 16:11:03,769 [INFO] DbMcusJson:63 - Set database path to: C:\Users\abdom\.stmcufinder\plugins\mcufinder//mcu/
2023-07-10 16:11:03,769 [WARN] DbFile:36 - Overriding database path with different value: C:\Users\abdom\.stmcufinder\plugins\mcufinder/ => C:\Users\abdom\.stmcufinder\plugins\mcufinder
2023-07-10 16:11:03,769 [INFO] DbBoardsDocs:112 - Set database path to: C:\Users\abdom\.stmcufinder\plugins\mcufinder//mcu/
2023-07-10 16:11:03,769 [WARN] DbFile:36 - Overriding database path with different value: C:\Users\abdom\.stmcufinder\plugins\mcufinder/ => C:\Users\abdom\.stmcufinder\plugins\mcufinder
2023-07-10 16:11:03,769 [INFO] DbBoardsJson:56 - Set database path to: C:\Users\abdom\.stmcufinder\plugins\mcufinder//mcu/
2023-07-10 16:11:03,769 [WARN] DbFile:36 - Overriding database path with different value: C:\Users\abdom\.stmcufinder\plugins\mcufinder/ => C:\Users\abdom\.stmcufinder\plugins\mcufinder
2023-07-10 16:11:03,769 [WARN] DbFile:36 - Overriding database path with different value: C:\Users\abdom\.stmcufinder\plugins\mcufinder/ => C:\Users\abdom\.stmcufinder\plugins\mcufinder
2023-07-10 16:11:03,769 [INFO] CrossReferenceDbSqlite:196 - Set database path to: C:\Users\abdom\.stmcufinder\plugins\mcufinder//mcu/cs/
2023-07-10 16:11:03,769 [WARN] DbFile:36 - Overriding database path with different value: C:\Users\abdom\.stmcufinder\plugins\mcufinder/ => C:\Users\abdom\.stmcufinder\plugins\mcufinder
2023-07-10 16:11:03,769 [INFO] DbExamplesSqlite:800 - Set database path to: C:\Users\abdom\.stmcufinder\plugins\mcufinder//mcu/
2023-07-10 16:11:03,784 [INFO] ApplicationProperties:181 - Using Application install path: C:\ST\STM32CubeIDE_1.4.0\STM32CubeIDE\plugins\com.st.stm32cube.common.mx_6.0.0.202007160824
2023-07-10 16:11:03,800 [INFO] PluginManage:178 - Search for loadable plugins [exclusion list=, ]
2023-07-10 16:11:03,800 [INFO] PluginManage:292 - Check plugin analytics
2023-07-10 16:11:03,941 [INFO] AnalyticsPlugin:203 - Accepted Software Licenses: 
2023-07-10 16:11:03,941 [INFO] AnalyticsPlugin:205 - Accepted CMSIS Pack Licenses: 
2023-07-10 16:11:03,941 [INFO] AnalyticsPlugin:207 - Accepted Firmware Licenses: 
2023-07-10 16:11:03,941 [INFO] PluginManage:342 - Loaded plugin analytics (category:tool,tabindex:-1)
2023-07-10 16:11:03,941 [INFO] PluginManage:292 - Check plugin clock
2023-07-10 16:11:03,957 [INFO] PluginManage:342 - Loaded plugin clock (category:base,tabindex:2)
2023-07-10 16:11:03,957 [INFO] PluginManage:292 - Check plugin ddr
2023-07-10 16:11:03,957 [INFO] PluginManage:342 - Loaded plugin ddr (category:tool,tabindex:6)
2023-07-10 16:11:03,957 [INFO] PluginManage:292 - Check plugin filemanager
2023-07-10 16:11:04,082 [INFO] PluginManage:342 - Loaded plugin filemanager (category:base,tabindex:10)
2023-07-10 16:11:04,082 [INFO] PluginManage:292 - Check plugin ipmanager
2023-07-10 16:11:04,082 [INFO] PluginManage:342 - Loaded plugin ipmanager (category:base,tabindex:5)
2023-07-10 16:11:04,082 [INFO] PluginManage:292 - Check plugin pinoutandconfiguration
2023-07-10 16:11:04,098 [INFO] PluginManage:342 - Loaded plugin pinoutandconfiguration (category:base,tabindex:1)
2023-07-10 16:11:04,098 [INFO] PluginManage:292 - Check plugin pinoutconfig
2023-07-10 16:11:04,130 [INFO] PluginManage:342 - Loaded plugin pinoutconfig (category:base,tabindex:0)
2023-07-10 16:11:04,130 [INFO] PluginManage:292 - Check plugin power
2023-07-10 16:11:04,130 [INFO] PluginManage:342 - Loaded plugin power (category:power,tabindex:4)
2023-07-10 16:11:04,130 [INFO] PluginManage:292 - Check plugin projectmanager
2023-07-10 16:11:04,145 [INFO] PluginManage:342 - Loaded plugin projectmanager (category:projectmanager,tabindex:3)
2023-07-10 16:11:04,145 [INFO] PluginManage:292 - Check plugin thirdparty
2023-07-10 16:11:04,255 [INFO] ThirdPartyDb:333 - Open Third Party DataBase File (C:/Users/abdom/.stm32cubemx/plugins/thirdparty/db/thirdparties_db.xml) : 47 ms. number of Sw pack : 44
2023-07-10 16:11:04,255 [INFO] PluginManage:342 - Loaded plugin thirdparty (category:base,tabindex:-1)
2023-07-10 16:11:04,255 [INFO] PluginManage:292 - Check plugin tools
2023-07-10 16:11:04,255 [INFO] PluginManage:342 - Loaded plugin tools (category:base,tabindex:7)
2023-07-10 16:11:04,255 [INFO] PluginManage:292 - Check plugin tutovideos
2023-07-10 16:11:04,512 [INFO] PluginManage:342 - Loaded plugin tutovideos (category:base,tabindex:-1)
2023-07-10 16:11:04,512 [INFO] PluginManage:292 - Check plugin updater
2023-07-10 16:11:04,537 [INFO] PluginManage:342 - Loaded plugin updater (category:base,tabindex:12)
2023-07-10 16:11:04,537 [INFO] PluginManage:265 - PluginManage : Loaded plugins [13]
2023-07-10 16:11:04,709 [INFO] PinOutPanel:1418 - setPackage(No Configuration,No Configuration)
2023-07-10 16:11:04,803 [INFO] IPUIPlugin:64 - create IPUIPlugin
2023-07-10 16:11:04,803 [INFO] PluginManager:200 - loadIPPluginJar : add adc
2023-07-10 16:11:04,803 [INFO] IPUIPlugin:64 - create IPUIPlugin
2023-07-10 16:11:04,803 [INFO] PluginManager:200 - loadIPPluginJar : add aes
2023-07-10 16:11:04,803 [INFO] IPUIPlugin:64 - create IPUIPlugin
2023-07-10 16:11:04,803 [INFO] PluginManager:200 - loadIPPluginJar : add can
2023-07-10 16:11:04,803 [INFO] IPUIPlugin:64 - create IPUIPlugin
2023-07-10 16:11:04,812 [INFO] PluginManager:200 - loadIPPluginJar : add comp
2023-07-10 16:11:04,812 [INFO] IPUIPlugin:64 - create IPUIPlugin
2023-07-10 16:11:04,812 [INFO] PluginManager:200 - loadIPPluginJar : add cryp
2023-07-10 16:11:04,812 [INFO] IPUIPlugin:64 - create IPUIPlugin
2023-07-10 16:11:04,812 [INFO] PluginManager:200 - loadIPPluginJar : add dfsdm
2023-07-10 16:11:04,819 [INFO] IPUIPlugin:64 - create IPUIPlugin
2023-07-10 16:11:04,819 [INFO] PluginManager:200 - loadIPPluginJar : add dma
2023-07-10 16:11:04,819 [INFO] IPUIPlugin:64 - create IPUIPlugin
2023-07-10 16:11:04,819 [INFO] PluginManager:200 - loadIPPluginJar : add fatfs
2023-07-10 16:11:04,819 [INFO] IPUIPlugin:64 - create IPUIPlugin
2023-07-10 16:11:04,819 [INFO] PluginManager:200 - loadIPPluginJar : add fmc
2023-07-10 16:11:04,835 [INFO] IPUIPlugin:64 - create IPUIPlugin
2023-07-10 16:11:04,835 [INFO] PluginManager:200 - loadIPPluginJar : add freertos
2023-07-10 16:11:04,835 [INFO] IPUIPlugin:64 - create IPUIPlugin
2023-07-10 16:11:04,835 [INFO] PluginManager:200 - loadIPPluginJar : add genericplugin
2023-07-10 16:11:04,835 [INFO] IPUIPlugin:64 - create IPUIPlugin
2023-07-10 16:11:04,835 [INFO] PluginManager:200 - loadIPPluginJar : add gfxmmu
2023-07-10 16:11:04,850 [INFO] IPUIPlugin:64 - create IPUIPlugin
2023-07-10 16:11:04,850 [INFO] PluginManager:200 - loadIPPluginJar : add gic
2023-07-10 16:11:04,850 [INFO] IPUIPlugin:64 - create IPUIPlugin
2023-07-10 16:11:04,850 [INFO] PluginManager:200 - loadIPPluginJar : add gpio
2023-07-10 16:11:04,850 [INFO] IPUIPlugin:64 - create IPUIPlugin
2023-07-10 16:11:04,850 [INFO] PluginManager:200 - loadIPPluginJar : add gtzc
2023-07-10 16:11:04,866 [INFO] IPUIPlugin:64 - create IPUIPlugin
2023-07-10 16:11:04,866 [INFO] PluginManager:200 - loadIPPluginJar : add hash
2023-07-10 16:11:04,866 [INFO] IPUIPlugin:64 - create IPUIPlugin
2023-07-10 16:11:04,866 [INFO] PluginManager:200 - loadIPPluginJar : add i2c
2023-07-10 16:11:04,866 [INFO] IPUIPlugin:64 - create IPUIPlugin
2023-07-10 16:11:04,866 [INFO] PluginManager:200 - loadIPPluginJar : add i2s
2023-07-10 16:11:04,866 [INFO] IPUIPlugin:64 - create IPUIPlugin
2023-07-10 16:11:04,866 [INFO] PluginManager:200 - loadIPPluginJar : add ipddr
2023-07-10 16:11:04,882 [INFO] IPUIPlugin:64 - create IPUIPlugin
2023-07-10 16:11:04,882 [INFO] PluginManager:200 - loadIPPluginJar : add ltdc
2023-07-10 16:11:04,882 [INFO] IPUIPlugin:64 - create IPUIPlugin
2023-07-10 16:11:04,882 [INFO] PluginManager:200 - loadIPPluginJar : add mdma
2023-07-10 16:11:04,882 [INFO] IPUIPlugin:64 - create IPUIPlugin
2023-07-10 16:11:04,882 [INFO] PluginManager:200 - loadIPPluginJar : add nvic
2023-07-10 16:11:04,882 [INFO] IPUIPlugin:64 - create IPUIPlugin
2023-07-10 16:11:04,882 [INFO] PluginManager:200 - loadIPPluginJar : add opamp
2023-07-10 16:11:04,882 [INFO] IPUIPlugin:64 - create IPUIPlugin
2023-07-10 16:11:04,882 [INFO] PluginManager:200 - loadIPPluginJar : add openamp
2023-07-10 16:11:04,882 [INFO] IPUIPlugin:64 - create IPUIPlugin
2023-07-10 16:11:04,897 [INFO] PluginManager:200 - loadIPPluginJar : add pdm2pcm
2023-07-10 16:11:04,897 [INFO] IPUIPlugin:64 - create IPUIPlugin
2023-07-10 16:11:04,897 [INFO] PluginManager:200 - loadIPPluginJar : add plateformsettings
2023-07-10 16:11:04,897 [INFO] IPUIPlugin:64 - create IPUIPlugin
2023-07-10 16:11:04,897 [INFO] PluginManager:200 - loadIPPluginJar : add quadspi
2023-07-10 16:11:04,897 [INFO] IPUIPlugin:64 - create IPUIPlugin
2023-07-10 16:11:04,897 [INFO] PluginManager:200 - loadIPPluginJar : add resmgrutility
2023-07-10 16:11:04,913 [INFO] IPUIPlugin:64 - create IPUIPlugin
2023-07-10 16:11:04,913 [INFO] PluginManager:200 - loadIPPluginJar : add sai
2023-07-10 16:11:04,913 [INFO] IPUIPlugin:64 - create IPUIPlugin
2023-07-10 16:11:04,913 [INFO] PluginManager:200 - loadIPPluginJar : add spi
2023-07-10 16:11:04,913 [INFO] IPUIPlugin:64 - create IPUIPlugin
2023-07-10 16:11:04,913 [INFO] PluginManager:200 - loadIPPluginJar : add stm32_wpan
2023-07-10 16:11:04,913 [INFO] IPUIPlugin:64 - create IPUIPlugin
2023-07-10 16:11:04,913 [INFO] PluginManager:200 - loadIPPluginJar : add tim
2023-07-10 16:11:04,913 [INFO] IPUIPlugin:64 - create IPUIPlugin
2023-07-10 16:11:04,913 [INFO] PluginManager:200 - loadIPPluginJar : add touchsensing
2023-07-10 16:11:04,913 [INFO] IPUIPlugin:64 - create IPUIPlugin
2023-07-10 16:11:04,913 [INFO] PluginManager:200 - loadIPPluginJar : add tracer_emb
2023-07-10 16:11:04,913 [INFO] IPUIPlugin:64 - create IPUIPlugin
2023-07-10 16:11:04,913 [INFO] PluginManager:200 - loadIPPluginJar : add ts
2023-07-10 16:11:04,929 [INFO] IPUIPlugin:64 - create IPUIPlugin
2023-07-10 16:11:04,929 [INFO] PluginManager:200 - loadIPPluginJar : add tsc
2023-07-10 16:11:04,929 [INFO] IPUIPlugin:64 - create IPUIPlugin
2023-07-10 16:11:04,929 [INFO] PluginManager:200 - loadIPPluginJar : add ucpd
2023-07-10 16:11:04,929 [INFO] IPUIPlugin:64 - create IPUIPlugin
2023-07-10 16:11:04,929 [INFO] PluginManager:200 - loadIPPluginJar : add usart
2023-07-10 16:11:05,624 [INFO] CubeProgrammer:457 - [DDR PANEL] - PathOfProgrammer: null
2023-07-10 16:11:06,421 [FATAL] Updater:282 - Updater called before beeing initialized
2023-07-10 16:11:06,577 [FATAL] Updater:282 - Updater called before beeing initialized
2023-07-10 16:11:06,593 [WARN] ThirdParty:775 - waiting for thirdparty lock release [close project]
2023-07-10 16:11:06,593 [INFO] ThirdParty:777 - entering critical section [close project]
2023-07-10 16:11:06,593 [INFO] ThirdParty:790 - exiting critical section [close project]
2023-07-10 16:11:06,593 [INFO] PinOutPanel:1418 - setPackage(No Configuration,No Configuration)
2023-07-10 16:11:06,593 [FATAL] Updater:282 - Updater called before beeing initialized
2023-07-10 16:11:06,593 [ERROR] Updater:967 - MainUpdater not yet initialized. External WinMGr cannot be set.
2023-07-10 16:11:06,593 [INFO] CubeProgrammer:457 - [DDR PANEL] - PathOfProgrammer: C:\ST\STM32CubeIDE_1.4.0\STM32CubeIDE\plugins\com.st.stm32cube.ide.mcu.externaltools.cubeprogrammer.win32_1.4.0.202007081208\tools\bin
2023-07-10 16:11:06,593 [INFO] ProgrammerExecThread:148 - [ProgrammerAPI] CubeProgrammer command construction: C:\ST\STM32CubeIDE_1.4.0\STM32CubeIDE\plugins\com.st.stm32cube.ide.mcu.externaltools.cubeprogrammer.win32_1.4.0.202007081208\tools\bin\STM32_Programmer_CLI.exe -l
2023-07-10 16:11:06,703 [INFO] MainDdrPanel:49 - [DDR PANEL] SETTER - Set cubeProgrammerPath to: C:\ST\STM32CubeIDE_1.4.0\STM32CubeIDE\plugins\com.st.stm32cube.ide.mcu.externaltools.cubeprogrammer.win32_1.4.0.202007081208\tools\bin
2023-07-10 16:11:06,719 [INFO] Updater:904 - Updater Version found : 6.0.0
2023-07-10 16:11:06,750 [INFO] ApplicationProperties:181 - Using Application install path: C:\ST\STM32CubeIDE_1.4.0\STM32CubeIDE\plugins\com.st.stm32cube.common.mx_6.0.0.202007160824
2023-07-10 16:11:07,001 [INFO] MainUpdater:2268 - connection check result : 10
2023-07-10 16:11:07,001 [INFO] MainUpdater:239 - Updater Check For Update Now.
2023-07-10 16:11:07,001 [INFO] MicroXplorer:414 - Change Database Version : DB.6.0.0
2023-07-10 16:11:07,079 [INFO] CheckServerUpdateThread:102 - End of CheckServer Thread
2023-07-10 16:11:07,127 [INFO] MainUpdater:2268 - connection check result : 10
2023-07-10 16:11:07,268 [WARN] IntegrityCheckThread:61 - waiting for thirdparty lock release [integrity check]
2023-07-10 16:11:07,268 [INFO] IntegrityCheckThread:63 - entering critical section [integrity check]
2023-07-10 16:11:07,534 [INFO] McuFinderGlobals:40 - Set McuFinder mode to 2 (CubeIDE integrated)
2023-07-10 16:11:07,832 [INFO] ThirdPartyDb:299 - Save Third Party DataBase File (C:/Users/abdom/.stm32cubemx/plugins/thirdparty/db/thirdparties_db.xml) [forced]
2023-07-10 16:11:07,848 [INFO] CrossSelectorPresenter:1330 - Cross Selector saved comparison directory: C:\Users\abdom\.stmcufinder\plugins\mcufinder\mcu\cs_comparisons_mx
2023-07-10 16:11:07,848 [INFO] MultiScanPanel:193 - Auto-refresh data requested => check proxy status ongoing
2023-07-10 16:11:07,848 [INFO] FinderPluginLoader:87 - Searching for filters in installed packs
2023-07-10 16:11:07,864 [INFO] DbMcusXml:100 - Load MCU database from C:\ST\STM32CubeIDE_1.4.0\STM32CubeIDE\plugins\com.st.stm32cube.common.mx_6.0.0.202007160824\\db\/mcu/families.xml
2023-07-10 16:11:07,958 [INFO] ThirdPartyDb:299 - Save Third Party DataBase File (C:/Users/abdom/.stm32cubemx/plugins/thirdparty/db/thirdparties_db.xml) [forced]
2023-07-10 16:11:08,018 [INFO] IntegrityCheckThread:76 - exiting critical section [integrity check]
2023-07-10 16:11:08,018 [INFO] IntegrityCheckThread:79 - End integrity checks thread
2023-07-10 16:11:08,919 [INFO] DbMcusJson:92 - JSON generation date=Tue Nov 16 19:17:54 AST 2021 (1637079474)
2023-07-10 16:11:09,902 [INFO] DbMcus:175 - Found 1761 MCUs (1722 are supported by CubeMX, 1911 are visible in CubeMX)
2023-07-10 16:11:09,902 [INFO] ApiDb:201 - Load user favorites file C:\Users\abdom/.stm32cubeide/favorites.mcus.txt: 0 item(s)
2023-07-10 16:11:09,917 [INFO] ApiDb:205 - User favorites MCUs=[]
2023-07-10 16:11:09,917 [INFO] DbMcus:187 - Set 0 / 0 favorites MCUs
2023-07-10 16:11:10,422 [INFO] LoadUrlFilesThread:162 - End of LoadServerUrlFiles without Thread
2023-07-10 16:11:10,435 [INFO] DetailPanel:331 - Set advertising image to C:/Users/abdom/STM32Cube/Repository/\stm32cubemx-promo_image.jpg
2023-07-10 16:11:10,795 [INFO] McuFilterPanel:245 - Update 0 favorites MCUs
2023-07-10 16:11:10,874 [INFO] DbBoardsPdsc:94 - Found 23 items
2023-07-10 16:11:10,874 [INFO] DbBoardsPdsc:94 - Found 9 items
2023-07-10 16:11:10,874 [INFO] DbBoardsPdsc:94 - Found 29 items
2023-07-10 16:11:10,874 [INFO] DbBoardsPdsc:94 - Found 1 items
2023-07-10 16:11:10,905 [INFO] DbBoardsPdsc:94 - Found 44 items
2023-07-10 16:11:10,905 [INFO] DbBoardsPdsc:94 - Found 40 items
2023-07-10 16:11:10,905 [INFO] DbBoardsPdsc:94 - Found 2 items
2023-07-10 16:11:10,905 [INFO] DbBoardsPdsc:94 - Found 4 items
2023-07-10 16:11:10,905 [WARN] DbBoardsPdsc:258 - Board STM32H7B3I-DK: unknown feature type=Audio, name=, username=Audio stereo codec with Headphone Amp (CS42L51-CNZ), n=1
2023-07-10 16:11:10,905 [WARN] DbBoardsPdsc:258 - Board STM32H735G-DK: unknown feature type=Audio, name=, username=Audio stereo codec with Headphone Amp (WM8994ECS/R), n=1
2023-07-10 16:11:10,921 [WARN] DbBoardsPdsc:258 - Board STM32H7B3I-EVAL: unknown feature type=Audio, name=, username=Multi-Channel Audio Codec (CS42L51-CNZ), n=1
2023-07-10 16:11:10,921 [WARN] DbBoardsPdsc:258 - Board STM32H7B3I-EVAL: unknown feature type=Meter, name=, username=Power-metering and Temperature-monitoring with sigma-delta modulators, n=1
2023-07-10 16:11:10,921 [WARN] DbBoardsPdsc:258 - Board STM32H7B3I-EVAL: unknown feature type=Motor, name=, username=Motor Control, n=1
2023-07-10 16:11:10,952 [INFO] DbBoardsJson:85 - JSON generation date=Tue Nov 16 19:17:54 AST 2021 (1637079474)
2023-07-10 16:11:10,968 [INFO] DbBoards:117 - Found 166 boards (149 are supported by CubeMX)
2023-07-10 16:11:10,968 [INFO] DbBoardsDocs:145 - JSON generation date=Tue Nov 16 19:17:54 AST 2021 (1637079474)
2023-07-10 16:11:10,984 [INFO] DbBoardsDocs:81 - Found 209 boards documents
2023-07-10 16:11:10,984 [WARN] DbBoards:127 - board B-L475E-IOT01A2 has no document id list !
2023-07-10 16:11:10,984 [WARN] DbBoards:127 - board NUCLEO-H743ZI has no document id list !
2023-07-10 16:11:10,984 [WARN] DbBoards:127 - board P-NUCLEO-WB55-Nucleo has no document id list !
2023-07-10 16:11:10,984 [WARN] DbBoards:127 - board P-NUCLEO-WB55-USBDongle has no document id list !
2023-07-10 16:11:10,984 [WARN] DbBoards:127 - board STEVAL-BFA001V1B has no document id list !
2023-07-10 16:11:10,984 [WARN] DbBoards:127 - board STEVAL-BFA001V2B has no document id list !
2023-07-10 16:11:10,984 [WARN] DbBoards:127 - board STEVAL-IDP005V1 has no document id list !
2023-07-10 16:11:10,984 [WARN] DbBoards:127 - board STEVAL-IDP005V2 has no document id list !
2023-07-10 16:11:10,984 [WARN] DbBoards:127 - board STEVAL-MKSBOX1V1 has no document id list !
2023-07-10 16:11:10,984 [WARN] DbBoards:127 - board STEVAL-STWINKT1 has no document id list !
2023-07-10 16:11:10,984 [WARN] DbBoards:127 - board STEVAL-STWINKT1B has no document id list !
2023-07-10 16:11:10,984 [WARN] DbBoards:127 - board STM32439I-EVAL2 has no document id list !
2023-07-10 16:11:10,984 [WARN] DbBoards:127 - board STM32F401C-DISCO has no document id list !
2023-07-10 16:11:10,984 [WARN] DbBoards:127 - board STM32F769I-DISC1 has no document id list !
2023-07-10 16:11:10,984 [WARN] DbBoards:127 - board STM32G474E-EVAL1 has no document id list !
2023-07-10 16:11:10,984 [WARN] DbBoards:127 - board STM32H743I-EVAL2 has no document id list !
2023-07-10 16:11:10,984 [WARN] DbBoards:127 - board STM32H747I-DISC1 has no document id list !
2023-07-10 16:11:10,984 [WARN] DbBoards:127 - board STM32H753I-EVAL2 has no document id list !
2023-07-10 16:11:10,984 [WARN] DbBoards:127 - board STM32L-DISCOVERY has no document id list !
2023-07-10 16:11:11,187 [ERROR] DbBoards:189 - Image file not found for board B-L462E-CELL1: C:\ST\STM32CubeIDE_1.4.0\STM32CubeIDE\plugins\com.st.stm32cube.common.mx_6.0.0.202007160824\\db\/plugins/mcufinder/images/boards/B-L462E-CELL1_small.jpg
2023-07-10 16:11:11,235 [ERROR] DbBoards:189 - Image file not found for board B-U585I-IOT02A: C:\ST\STM32CubeIDE_1.4.0\STM32CubeIDE\plugins\com.st.stm32cube.common.mx_6.0.0.202007160824\\db\/plugins/mcufinder/images/boards/B-U585I-IOT02A_small.jpg
2023-07-10 16:11:11,313 [ERROR] DbBoards:189 - Image file not found for board NUCLEO-F413ZH: C:\ST\STM32CubeIDE_1.4.0\STM32CubeIDE\plugins\com.st.stm32cube.common.mx_6.0.0.202007160824\\db\/plugins/mcufinder/images/boards/nucleo-f413zh_small.jpg
2023-07-10 16:11:11,454 [ERROR] DbBoards:189 - Image file not found for board NUCLEO-L552ZE-Q: C:\ST\STM32CubeIDE_1.4.0\STM32CubeIDE\plugins\com.st.stm32cube.common.mx_6.0.0.202007160824\\db\/plugins/mcufinder/images/boards/nucleo_l552ze_q_small.jpg
2023-07-10 16:11:11,454 [ERROR] DbBoards:189 - Image file not found for board NUCLEO-U575ZI-Q: C:\ST\STM32CubeIDE_1.4.0\STM32CubeIDE\plugins\com.st.stm32cube.common.mx_6.0.0.202007160824\\db\/plugins/mcufinder/images/boards/nucleo-u575zi-q_small.jpg
2023-07-10 16:11:11,454 [ERROR] DbBoards:189 - Image file not found for board NUCLEO-WB15CC: C:\ST\STM32CubeIDE_1.4.0\STM32CubeIDE\plugins\com.st.stm32cube.common.mx_6.0.0.202007160824\\db\/plugins/mcufinder/images/boards/nucleo-wb15cc_small.jpg
2023-07-10 16:11:11,454 [ERROR] DbBoards:189 - Image file not found for board NUCLEO-WB55RG: C:\ST\STM32CubeIDE_1.4.0\STM32CubeIDE\plugins\com.st.stm32cube.common.mx_6.0.0.202007160824\\db\/plugins/mcufinder/images/boards/nucleo-wb55rg_small.jpg
2023-07-10 16:11:11,454 [ERROR] DbBoards:189 - Image file not found for board NUCLEO-WL55JC: C:\ST\STM32CubeIDE_1.4.0\STM32CubeIDE\plugins\com.st.stm32cube.common.mx_6.0.0.202007160824\\db\/plugins/mcufinder/images/boards/nucleo-wl55jc-small.jpg
2023-07-10 16:11:11,627 [ERROR] DbBoards:189 - Image file not found for board STEVAL-STWINKT1B: C:\ST\STM32CubeIDE_1.4.0\STM32CubeIDE\plugins\com.st.stm32cube.common.mx_6.0.0.202007160824\\db\/plugins/mcufinder/images/boards/steval-stwinkt1b_small.jpg
2023-07-10 16:11:12,002 [ERROR] DbBoards:189 - Image file not found for board STM32G0C1E-EV: C:\ST\STM32CubeIDE_1.4.0\STM32CubeIDE\plugins\com.st.stm32cube.common.mx_6.0.0.202007160824\\db\/plugins/mcufinder/images/boards/stm32g0c1e-eval_small.jpg
2023-07-10 16:11:12,097 [ERROR] DbBoards:189 - Image file not found for board STM32H7B3I-EVAL: C:\ST\STM32CubeIDE_1.4.0\STM32CubeIDE\plugins\com.st.stm32cube.common.mx_6.0.0.202007160824\\db\/plugins/mcufinder/images/boards/stm32h7b3ieval_small.jpg
2023-07-10 16:11:12,332 [ERROR] DbBoards:189 - Image file not found for board STM32U575I-EV: C:\ST\STM32CubeIDE_1.4.0\STM32CubeIDE\plugins\com.st.stm32cube.common.mx_6.0.0.202007160824\\db\/plugins/mcufinder/images/boards/stm32u575i-ev_small.jpg
2023-07-10 16:11:12,363 [ERROR] DbBoards:189 - Image file not found for board STM32WB5MM-DK: C:\ST\STM32CubeIDE_1.4.0\STM32CubeIDE\plugins\com.st.stm32cube.common.mx_6.0.0.202007160824\\db\/plugins/mcufinder/images/boards/STM32WB5MM-DK_small.jpg
2023-07-10 16:11:12,363 [INFO] ApiDb:201 - Load user favorites file C:\Users\abdom/.stm32cubeide/favorites.boards.txt: 0 item(s)
2023-07-10 16:11:12,363 [INFO] ApiDb:205 - User favorites Boards=[]
2023-07-10 16:11:12,363 [INFO] DbBoards:206 - Set 0 / 0 favorites Boards
2023-07-12 01:00:41,791 [INFO] Activator:178 - 


2023-07-12 01:00:41,791 [INFO] Activator:179 - !SESSION log4j initialized
