2023-07-31 09:57:46,191 [INFO] Activator:178 - 


2023-07-31 09:57:46,194 [INFO] Activator:179 - !SESSION log4j initialized
2023-07-31 09:57:51,464 [INFO] ApplicationProperties:181 - Using Application install path: C:\ST\STM32CubeIDE_1.4.0\STM32CubeIDE\plugins\com.st.stm32cube.common.mx_6.0.0.202007160824
2023-07-31 09:57:51,480 [INFO] DbMcusXml:70 - Set database path to: C:\ST\STM32CubeIDE_1.4.0\STM32CubeIDE\plugins\com.st.stm32cube.common.mx_6.0.0.202007160824\\db\/mcu/
2023-07-31 09:57:51,485 [INFO] DbBoardsPdsc:56 - Set plugin database path to: C:\ST\STM32CubeIDE_1.4.0\STM32CubeIDE\plugins\com.st.stm32cube.common.mx_6.0.0.202007160824\\db\/plugins/boardmanager/
2023-07-31 09:57:51,485 [INFO] DbMcus:258 - Set plugin images path to: C:\ST\STM32CubeIDE_1.4.0\STM32CubeIDE\plugins\com.st.stm32cube.common.mx_6.0.0.202007160824\\db\/plugins/mcufinder/images/
2023-07-31 09:57:51,486 [INFO] DbBoards:264 - Set plugin images path to: C:\ST\STM32CubeIDE_1.4.0\STM32CubeIDE\plugins\com.st.stm32cube.common.mx_6.0.0.202007160824\\db\/plugins/mcufinder/images/
2023-07-31 09:57:51,489 [INFO] DbExamples:326 - Set plugin images path to: C:\ST\STM32CubeIDE_1.4.0\STM32CubeIDE\plugins\com.st.stm32cube.common.mx_6.0.0.202007160824\\db\/plugins/mcufinder/images/
2023-07-31 09:57:51,497 [INFO] DbMcusDocs:112 - Set database path to: C:\Users\abdom\.stmcufinder\plugins\mcufinder//mcu/
2023-07-31 09:57:51,500 [INFO] DbMcusJson:63 - Set database path to: C:\Users\abdom\.stmcufinder\plugins\mcufinder//mcu/
2023-07-31 09:57:51,501 [INFO] DbBoardsDocs:112 - Set database path to: C:\Users\abdom\.stmcufinder\plugins\mcufinder//mcu/
2023-07-31 09:57:51,502 [INFO] DbBoardsJson:56 - Set database path to: C:\Users\abdom\.stmcufinder\plugins\mcufinder//mcu/
2023-07-31 09:57:51,506 [INFO] CrossReferenceDbSqlite:196 - Set database path to: C:\Users\abdom\.stmcufinder\plugins\mcufinder//mcu/cs/
2023-07-31 09:57:51,510 [INFO] DbExamplesSqlite:800 - Set database path to: C:\Users\abdom\.stmcufinder\plugins\mcufinder//mcu/
2023-07-31 09:57:51,642 [INFO] RulesReader:52 - Compatibility file has been processed (209 Rules)
2023-07-31 09:57:51,747 [INFO] MicroXplorer:564 - Detected Java Version = 1.8.0_252
2023-07-31 09:57:51,748 [INFO] DbMcusXml:70 - Set database path to: C:\ST\STM32CubeIDE_1.4.0\STM32CubeIDE\plugins\com.st.stm32cube.common.mx_6.0.0.202007160824\\db\/mcu/
2023-07-31 09:57:51,748 [INFO] DbBoardsPdsc:56 - Set plugin database path to: C:\ST\STM32CubeIDE_1.4.0\STM32CubeIDE\plugins\com.st.stm32cube.common.mx_6.0.0.202007160824\\db\/plugins/boardmanager/
2023-07-31 09:57:51,749 [INFO] DbMcus:258 - Set plugin images path to: C:\ST\STM32CubeIDE_1.4.0\STM32CubeIDE\plugins\com.st.stm32cube.common.mx_6.0.0.202007160824\\db\/plugins/mcufinder/images/
2023-07-31 09:57:51,749 [INFO] DbBoards:264 - Set plugin images path to: C:\ST\STM32CubeIDE_1.4.0\STM32CubeIDE\plugins\com.st.stm32cube.common.mx_6.0.0.202007160824\\db\/plugins/mcufinder/images/
2023-07-31 09:57:51,750 [INFO] DbExamples:326 - Set plugin images path to: C:\ST\STM32CubeIDE_1.4.0\STM32CubeIDE\plugins\com.st.stm32cube.common.mx_6.0.0.202007160824\\db\/plugins/mcufinder/images/
2023-07-31 09:57:51,750 [WARN] DbFile:36 - Overriding database path with different value: C:\Users\abdom\.stmcufinder\plugins\mcufinder/ => C:\Users\abdom\.stmcufinder\plugins\mcufinder
2023-07-31 09:57:51,750 [INFO] DbMcusDocs:112 - Set database path to: C:\Users\abdom\.stmcufinder\plugins\mcufinder//mcu/
2023-07-31 09:57:51,750 [WARN] DbFile:36 - Overriding database path with different value: C:\Users\abdom\.stmcufinder\plugins\mcufinder/ => C:\Users\abdom\.stmcufinder\plugins\mcufinder
2023-07-31 09:57:51,750 [INFO] DbMcusJson:63 - Set database path to: C:\Users\abdom\.stmcufinder\plugins\mcufinder//mcu/
2023-07-31 09:57:51,750 [WARN] DbFile:36 - Overriding database path with different value: C:\Users\abdom\.stmcufinder\plugins\mcufinder/ => C:\Users\abdom\.stmcufinder\plugins\mcufinder
2023-07-31 09:57:51,751 [INFO] DbBoardsDocs:112 - Set database path to: C:\Users\abdom\.stmcufinder\plugins\mcufinder//mcu/
2023-07-31 09:57:51,751 [WARN] DbFile:36 - Overriding database path with different value: C:\Users\abdom\.stmcufinder\plugins\mcufinder/ => C:\Users\abdom\.stmcufinder\plugins\mcufinder
2023-07-31 09:57:51,751 [INFO] DbBoardsJson:56 - Set database path to: C:\Users\abdom\.stmcufinder\plugins\mcufinder//mcu/
2023-07-31 09:57:51,751 [WARN] DbFile:36 - Overriding database path with different value: C:\Users\abdom\.stmcufinder\plugins\mcufinder/ => C:\Users\abdom\.stmcufinder\plugins\mcufinder
2023-07-31 09:57:51,752 [WARN] DbFile:36 - Overriding database path with different value: C:\Users\abdom\.stmcufinder\plugins\mcufinder/ => C:\Users\abdom\.stmcufinder\plugins\mcufinder
2023-07-31 09:57:51,752 [INFO] CrossReferenceDbSqlite:196 - Set database path to: C:\Users\abdom\.stmcufinder\plugins\mcufinder//mcu/cs/
2023-07-31 09:57:51,752 [WARN] DbFile:36 - Overriding database path with different value: C:\Users\abdom\.stmcufinder\plugins\mcufinder/ => C:\Users\abdom\.stmcufinder\plugins\mcufinder
2023-07-31 09:57:51,753 [INFO] DbExamplesSqlite:800 - Set database path to: C:\Users\abdom\.stmcufinder\plugins\mcufinder//mcu/
2023-07-31 09:57:51,840 [INFO] MainPanel:189 - HeapMemory: 268435456
2023-07-31 09:57:51,946 [INFO] DbMcusXml:70 - Set database path to: C:\ST\STM32CubeIDE_1.4.0\STM32CubeIDE\plugins\com.st.stm32cube.common.mx_6.0.0.202007160824\\db\/mcu/
2023-07-31 09:57:51,946 [INFO] DbBoardsPdsc:56 - Set plugin database path to: C:\ST\STM32CubeIDE_1.4.0\STM32CubeIDE\plugins\com.st.stm32cube.common.mx_6.0.0.202007160824\\db\/plugins/boardmanager/
2023-07-31 09:57:51,947 [INFO] DbMcus:258 - Set plugin images path to: C:\ST\STM32CubeIDE_1.4.0\STM32CubeIDE\plugins\com.st.stm32cube.common.mx_6.0.0.202007160824\\db\/plugins/mcufinder/images/
2023-07-31 09:57:51,947 [INFO] DbBoards:264 - Set plugin images path to: C:\ST\STM32CubeIDE_1.4.0\STM32CubeIDE\plugins\com.st.stm32cube.common.mx_6.0.0.202007160824\\db\/plugins/mcufinder/images/
2023-07-31 09:57:51,947 [INFO] DbExamples:326 - Set plugin images path to: C:\ST\STM32CubeIDE_1.4.0\STM32CubeIDE\plugins\com.st.stm32cube.common.mx_6.0.0.202007160824\\db\/plugins/mcufinder/images/
2023-07-31 09:57:51,948 [WARN] DbFile:36 - Overriding database path with different value: C:\Users\abdom\.stmcufinder\plugins\mcufinder/ => C:\Users\abdom\.stmcufinder\plugins\mcufinder
2023-07-31 09:57:51,948 [INFO] DbMcusDocs:112 - Set database path to: C:\Users\abdom\.stmcufinder\plugins\mcufinder//mcu/
2023-07-31 09:57:51,948 [WARN] DbFile:36 - Overriding database path with different value: C:\Users\abdom\.stmcufinder\plugins\mcufinder/ => C:\Users\abdom\.stmcufinder\plugins\mcufinder
2023-07-31 09:57:51,948 [INFO] DbMcusJson:63 - Set database path to: C:\Users\abdom\.stmcufinder\plugins\mcufinder//mcu/
2023-07-31 09:57:51,948 [WARN] DbFile:36 - Overriding database path with different value: C:\Users\abdom\.stmcufinder\plugins\mcufinder/ => C:\Users\abdom\.stmcufinder\plugins\mcufinder
2023-07-31 09:57:51,949 [INFO] DbBoardsDocs:112 - Set database path to: C:\Users\abdom\.stmcufinder\plugins\mcufinder//mcu/
2023-07-31 09:57:51,949 [WARN] DbFile:36 - Overriding database path with different value: C:\Users\abdom\.stmcufinder\plugins\mcufinder/ => C:\Users\abdom\.stmcufinder\plugins\mcufinder
2023-07-31 09:57:51,949 [INFO] DbBoardsJson:56 - Set database path to: C:\Users\abdom\.stmcufinder\plugins\mcufinder//mcu/
2023-07-31 09:57:51,949 [WARN] DbFile:36 - Overriding database path with different value: C:\Users\abdom\.stmcufinder\plugins\mcufinder/ => C:\Users\abdom\.stmcufinder\plugins\mcufinder
2023-07-31 09:57:51,949 [WARN] DbFile:36 - Overriding database path with different value: C:\Users\abdom\.stmcufinder\plugins\mcufinder/ => C:\Users\abdom\.stmcufinder\plugins\mcufinder
2023-07-31 09:57:51,949 [INFO] CrossReferenceDbSqlite:196 - Set database path to: C:\Users\abdom\.stmcufinder\plugins\mcufinder//mcu/cs/
2023-07-31 09:57:51,950 [WARN] DbFile:36 - Overriding database path with different value: C:\Users\abdom\.stmcufinder\plugins\mcufinder/ => C:\Users\abdom\.stmcufinder\plugins\mcufinder
2023-07-31 09:57:51,950 [INFO] DbExamplesSqlite:800 - Set database path to: C:\Users\abdom\.stmcufinder\plugins\mcufinder//mcu/
2023-07-31 09:57:51,969 [INFO] ApplicationProperties:181 - Using Application install path: C:\ST\STM32CubeIDE_1.4.0\STM32CubeIDE\plugins\com.st.stm32cube.common.mx_6.0.0.202007160824
2023-07-31 09:57:51,971 [INFO] PluginManage:178 - Search for loadable plugins [exclusion list=, ]
2023-07-31 09:57:51,973 [INFO] PluginManage:292 - Check plugin analytics
2023-07-31 09:57:52,142 [INFO] AnalyticsPlugin:203 - Accepted Software Licenses: 
2023-07-31 09:57:52,142 [INFO] AnalyticsPlugin:205 - Accepted CMSIS Pack Licenses: 
2023-07-31 09:57:52,142 [INFO] AnalyticsPlugin:207 - Accepted Firmware Licenses: 
2023-07-31 09:57:52,143 [INFO] PluginManage:342 - Loaded plugin analytics (category:tool,tabindex:-1)
2023-07-31 09:57:52,143 [INFO] PluginManage:292 - Check plugin clock
2023-07-31 09:57:52,178 [INFO] PluginManage:342 - Loaded plugin clock (category:base,tabindex:2)
2023-07-31 09:57:52,178 [INFO] PluginManage:292 - Check plugin ddr
2023-07-31 09:57:52,181 [INFO] PluginManage:342 - Loaded plugin ddr (category:tool,tabindex:6)
2023-07-31 09:57:52,181 [INFO] PluginManage:292 - Check plugin filemanager
2023-07-31 09:57:52,323 [INFO] PluginManage:342 - Loaded plugin filemanager (category:base,tabindex:10)
2023-07-31 09:57:52,324 [INFO] PluginManage:292 - Check plugin ipmanager
2023-07-31 09:57:52,333 [INFO] PluginManage:342 - Loaded plugin ipmanager (category:base,tabindex:5)
2023-07-31 09:57:52,333 [INFO] PluginManage:292 - Check plugin pinoutandconfiguration
2023-07-31 09:57:52,354 [INFO] PluginManage:342 - Loaded plugin pinoutandconfiguration (category:base,tabindex:1)
2023-07-31 09:57:52,354 [INFO] PluginManage:292 - Check plugin pinoutconfig
2023-07-31 09:57:52,395 [INFO] PluginManage:342 - Loaded plugin pinoutconfig (category:base,tabindex:0)
2023-07-31 09:57:52,395 [INFO] PluginManage:292 - Check plugin power
2023-07-31 09:57:52,418 [INFO] PluginManage:342 - Loaded plugin power (category:power,tabindex:4)
2023-07-31 09:57:52,418 [INFO] PluginManage:292 - Check plugin projectmanager
2023-07-31 09:57:52,437 [INFO] PluginManage:342 - Loaded plugin projectmanager (category:projectmanager,tabindex:3)
2023-07-31 09:57:52,437 [INFO] PluginManage:292 - Check plugin thirdparty
2023-07-31 09:57:52,576 [INFO] ThirdPartyDb:333 - Open Third Party DataBase File (C:/Users/abdom/.stm32cubemx/plugins/thirdparty/db/thirdparties_db.xml) : 49 ms. number of Sw pack : 44
2023-07-31 09:57:52,581 [INFO] PluginManage:342 - Loaded plugin thirdparty (category:base,tabindex:-1)
2023-07-31 09:57:52,582 [INFO] PluginManage:292 - Check plugin tools
2023-07-31 09:57:52,694 [INFO] PluginManage:342 - Loaded plugin tools (category:base,tabindex:7)
2023-07-31 09:57:52,695 [INFO] PluginManage:292 - Check plugin tutovideos
2023-07-31 09:57:52,980 [INFO] PluginManage:342 - Loaded plugin tutovideos (category:base,tabindex:-1)
2023-07-31 09:57:52,980 [INFO] PluginManage:292 - Check plugin updater
2023-07-31 09:57:52,993 [INFO] PluginManage:342 - Loaded plugin updater (category:base,tabindex:12)
2023-07-31 09:57:52,994 [INFO] PluginManage:265 - PluginManage : Loaded plugins [13]
2023-07-31 09:57:53,197 [INFO] PinOutPanel:1418 - setPackage(No Configuration,No Configuration)
2023-07-31 09:57:53,303 [INFO] IPUIPlugin:64 - create IPUIPlugin
2023-07-31 09:57:53,303 [INFO] PluginManager:200 - loadIPPluginJar : add adc
2023-07-31 09:57:53,348 [INFO] IPUIPlugin:64 - create IPUIPlugin
2023-07-31 09:57:53,348 [INFO] PluginManager:200 - loadIPPluginJar : add aes
2023-07-31 09:57:53,404 [INFO] IPUIPlugin:64 - create IPUIPlugin
2023-07-31 09:57:53,404 [INFO] PluginManager:200 - loadIPPluginJar : add can
2023-07-31 09:57:53,440 [INFO] IPUIPlugin:64 - create IPUIPlugin
2023-07-31 09:57:53,440 [INFO] PluginManager:200 - loadIPPluginJar : add comp
2023-07-31 09:57:53,511 [INFO] IPUIPlugin:64 - create IPUIPlugin
2023-07-31 09:57:53,511 [INFO] PluginManager:200 - loadIPPluginJar : add cryp
2023-07-31 09:57:53,556 [INFO] IPUIPlugin:64 - create IPUIPlugin
2023-07-31 09:57:53,556 [INFO] PluginManager:200 - loadIPPluginJar : add dfsdm
2023-07-31 09:57:53,571 [INFO] IPUIPlugin:64 - create IPUIPlugin
2023-07-31 09:57:53,572 [INFO] PluginManager:200 - loadIPPluginJar : add dma
2023-07-31 09:57:53,617 [INFO] IPUIPlugin:64 - create IPUIPlugin
2023-07-31 09:57:53,618 [INFO] PluginManager:200 - loadIPPluginJar : add fatfs
2023-07-31 09:57:53,684 [INFO] IPUIPlugin:64 - create IPUIPlugin
2023-07-31 09:57:53,685 [INFO] PluginManager:200 - loadIPPluginJar : add fmc
2023-07-31 09:57:53,701 [INFO] IPUIPlugin:64 - create IPUIPlugin
2023-07-31 09:57:53,702 [INFO] PluginManager:200 - loadIPPluginJar : add freertos
2023-07-31 09:57:53,736 [INFO] IPUIPlugin:64 - create IPUIPlugin
2023-07-31 09:57:53,736 [INFO] PluginManager:200 - loadIPPluginJar : add genericplugin
2023-07-31 09:57:53,852 [INFO] IPUIPlugin:64 - create IPUIPlugin
2023-07-31 09:57:53,852 [INFO] PluginManager:200 - loadIPPluginJar : add gfxmmu
2023-07-31 09:57:54,003 [INFO] IPUIPlugin:64 - create IPUIPlugin
2023-07-31 09:57:54,003 [INFO] PluginManager:200 - loadIPPluginJar : add gic
2023-07-31 09:57:54,017 [INFO] IPUIPlugin:64 - create IPUIPlugin
2023-07-31 09:57:54,017 [INFO] PluginManager:200 - loadIPPluginJar : add gpio
2023-07-31 09:57:54,094 [INFO] IPUIPlugin:64 - create IPUIPlugin
2023-07-31 09:57:54,094 [INFO] PluginManager:200 - loadIPPluginJar : add gtzc
2023-07-31 09:57:54,134 [INFO] IPUIPlugin:64 - create IPUIPlugin
2023-07-31 09:57:54,134 [INFO] PluginManager:200 - loadIPPluginJar : add hash
2023-07-31 09:57:54,210 [INFO] IPUIPlugin:64 - create IPUIPlugin
2023-07-31 09:57:54,210 [INFO] PluginManager:200 - loadIPPluginJar : add i2c
2023-07-31 09:57:54,267 [INFO] IPUIPlugin:64 - create IPUIPlugin
2023-07-31 09:57:54,267 [INFO] PluginManager:200 - loadIPPluginJar : add i2s
2023-07-31 09:57:54,279 [INFO] IPUIPlugin:64 - create IPUIPlugin
2023-07-31 09:57:54,280 [INFO] PluginManager:200 - loadIPPluginJar : add ipddr
2023-07-31 09:57:54,331 [INFO] IPUIPlugin:64 - create IPUIPlugin
2023-07-31 09:57:54,331 [INFO] PluginManager:200 - loadIPPluginJar : add ltdc
2023-07-31 09:57:54,345 [INFO] IPUIPlugin:64 - create IPUIPlugin
2023-07-31 09:57:54,345 [INFO] PluginManager:200 - loadIPPluginJar : add mdma
2023-07-31 09:57:54,359 [INFO] IPUIPlugin:64 - create IPUIPlugin
2023-07-31 09:57:54,359 [INFO] PluginManager:200 - loadIPPluginJar : add nvic
2023-07-31 09:57:54,409 [INFO] IPUIPlugin:64 - create IPUIPlugin
2023-07-31 09:57:54,409 [INFO] PluginManager:200 - loadIPPluginJar : add opamp
2023-07-31 09:57:54,497 [INFO] IPUIPlugin:64 - create IPUIPlugin
2023-07-31 09:57:54,497 [INFO] PluginManager:200 - loadIPPluginJar : add openamp
2023-07-31 09:57:54,561 [INFO] IPUIPlugin:64 - create IPUIPlugin
2023-07-31 09:57:54,562 [INFO] PluginManager:200 - loadIPPluginJar : add pdm2pcm
2023-07-31 09:57:54,580 [INFO] IPUIPlugin:64 - create IPUIPlugin
2023-07-31 09:57:54,585 [INFO] PluginManager:200 - loadIPPluginJar : add plateformsettings
2023-07-31 09:57:54,620 [INFO] IPUIPlugin:64 - create IPUIPlugin
2023-07-31 09:57:54,621 [INFO] PluginManager:200 - loadIPPluginJar : add quadspi
2023-07-31 09:57:54,634 [INFO] IPUIPlugin:64 - create IPUIPlugin
2023-07-31 09:57:54,634 [INFO] PluginManager:200 - loadIPPluginJar : add resmgrutility
2023-07-31 09:57:54,705 [INFO] IPUIPlugin:64 - create IPUIPlugin
2023-07-31 09:57:54,706 [INFO] PluginManager:200 - loadIPPluginJar : add sai
2023-07-31 09:57:54,761 [INFO] IPUIPlugin:64 - create IPUIPlugin
2023-07-31 09:57:54,761 [INFO] PluginManager:200 - loadIPPluginJar : add spi
2023-07-31 09:57:54,827 [INFO] IPUIPlugin:64 - create IPUIPlugin
2023-07-31 09:57:54,827 [INFO] PluginManager:200 - loadIPPluginJar : add stm32_wpan
2023-07-31 09:57:54,864 [INFO] IPUIPlugin:64 - create IPUIPlugin
2023-07-31 09:57:54,865 [INFO] PluginManager:200 - loadIPPluginJar : add tim
2023-07-31 09:57:54,943 [INFO] IPUIPlugin:64 - create IPUIPlugin
2023-07-31 09:57:54,943 [INFO] PluginManager:200 - loadIPPluginJar : add touchsensing
2023-07-31 09:57:54,977 [INFO] IPUIPlugin:64 - create IPUIPlugin
2023-07-31 09:57:54,977 [INFO] PluginManager:200 - loadIPPluginJar : add tracer_emb
2023-07-31 09:57:55,012 [INFO] IPUIPlugin:64 - create IPUIPlugin
2023-07-31 09:57:55,012 [INFO] PluginManager:200 - loadIPPluginJar : add ts
2023-07-31 09:57:55,044 [INFO] IPUIPlugin:64 - create IPUIPlugin
2023-07-31 09:57:55,044 [INFO] PluginManager:200 - loadIPPluginJar : add tsc
2023-07-31 09:57:55,076 [INFO] IPUIPlugin:64 - create IPUIPlugin
2023-07-31 09:57:55,076 [INFO] PluginManager:200 - loadIPPluginJar : add ucpd
2023-07-31 09:57:55,132 [INFO] IPUIPlugin:64 - create IPUIPlugin
2023-07-31 09:57:55,132 [INFO] PluginManager:200 - loadIPPluginJar : add usart
2023-07-31 09:57:55,881 [INFO] CubeProgrammer:457 - [DDR PANEL] - PathOfProgrammer: null
2023-07-31 09:57:56,684 [FATAL] Updater:282 - Updater called before beeing initialized
2023-07-31 09:57:56,855 [FATAL] Updater:282 - Updater called before beeing initialized
2023-07-31 09:57:56,855 [WARN] ThirdParty:775 - waiting for thirdparty lock release [close project]
2023-07-31 09:57:56,855 [INFO] ThirdParty:777 - entering critical section [close project]
2023-07-31 09:57:56,856 [INFO] ThirdParty:790 - exiting critical section [close project]
2023-07-31 09:57:56,859 [INFO] PinOutPanel:1418 - setPackage(No Configuration,No Configuration)
2023-07-31 09:57:56,860 [FATAL] Updater:282 - Updater called before beeing initialized
2023-07-31 09:57:56,872 [ERROR] Updater:967 - MainUpdater not yet initialized. External WinMGr cannot be set.
2023-07-31 09:57:56,874 [INFO] CubeProgrammer:457 - [DDR PANEL] - PathOfProgrammer: C:\ST\STM32CubeIDE_1.4.0\STM32CubeIDE\plugins\com.st.stm32cube.ide.mcu.externaltools.cubeprogrammer.win32_1.4.0.202007081208\tools\bin
2023-07-31 09:57:56,879 [INFO] ProgrammerExecThread:148 - [ProgrammerAPI] CubeProgrammer command construction: C:\ST\STM32CubeIDE_1.4.0\STM32CubeIDE\plugins\com.st.stm32cube.ide.mcu.externaltools.cubeprogrammer.win32_1.4.0.202007081208\tools\bin\STM32_Programmer_CLI.exe -l
2023-07-31 09:57:57,214 [INFO] MainDdrPanel:49 - [DDR PANEL] SETTER - Set cubeProgrammerPath to: C:\ST\STM32CubeIDE_1.4.0\STM32CubeIDE\plugins\com.st.stm32cube.ide.mcu.externaltools.cubeprogrammer.win32_1.4.0.202007081208\tools\bin
2023-07-31 09:57:57,328 [INFO] Updater:904 - Updater Version found : 6.0.0
2023-07-31 09:57:57,351 [INFO] ApplicationProperties:181 - Using Application install path: C:\ST\STM32CubeIDE_1.4.0\STM32CubeIDE\plugins\com.st.stm32cube.common.mx_6.0.0.202007160824
2023-07-31 09:57:57,458 [ERROR] LogOutputStream:74 - [STDERR_REDIRECT] [Fatal Error] STMupdaters.xml:1:1: Content is not allowed in prolog.
2023-07-31 09:57:57,459 [ERROR] LogOutputStream:74 - [STDERR_REDIRECT] 
2023-07-31 09:57:57,459 [ERROR] AbstractXmlFileManage:115 - Content is not allowed in prolog.
2023-07-31 09:57:57,460 [INFO] MainUpdater:463 - Copy updater definitions from MX database
2023-07-31 09:57:57,460 [ERROR] MainUpdater:4247 - Problem during Copy of File STMupdaters.xml[C:\Users\abdom\.stm32cubemx\plugins\updater\STMupdaters.xml: The process cannot access the file because it is being used by another process.
].
2023-07-31 09:57:57,463 [ERROR] LogOutputStream:74 - [STDERR_REDIRECT] [Fatal Error] STMupdaters.xml:1:1: Content is not allowed in prolog.
2023-07-31 09:57:57,464 [ERROR] LogOutputStream:74 - [STDERR_REDIRECT] 
2023-07-31 09:57:57,464 [ERROR] AbstractXmlFileManage:115 - Content is not allowed in prolog.
2023-07-31 09:57:57,604 [INFO] MainUpdater:2268 - connection check result : 10
2023-07-31 09:57:57,604 [INFO] MainUpdater:2935 - Updater definition file requires update
2023-07-31 09:57:57,605 [INFO] MainUpdater:239 - Updater Check For Update Now.
2023-07-31 09:57:57,605 [INFO] MicroXplorer:414 - Change Database Version : DB.6.0.0
2023-07-31 09:57:57,688 [INFO] ServerAccessManage:348 - Download File updaters.zip
2023-07-31 09:57:57,900 [INFO] FileExtend:225 - Unzip File : updaters.zip
2023-07-31 09:57:57,900 [INFO] FileExtend:240 - Standard Zip Deflate
2023-07-31 09:57:58,259 [INFO] ServerAccessManage:348 - Download File PacksControlFlags.xml
2023-07-31 09:57:58,294 [ERROR] LogOutputStream:74 - [STDERR_REDIRECT] [Fatal Error] updaterThirdParties.xml:1:1: Content is not allowed in prolog.
2023-07-31 09:57:58,295 [ERROR] LogOutputStream:74 - [STDERR_REDIRECT] 
2023-07-31 09:57:58,296 [ERROR] AbstractXmlFileManage:115 - Content is not allowed in prolog.
2023-07-31 09:57:58,296 [WARN] LoadServerUpdatesThread:660 - Error reading file: updaterThirdParties.xml
2023-07-31 09:57:58,369 [INFO] ServerAccessManage:348 - Download File cubemx.pidx
2023-07-31 09:57:58,488 [INFO] LoadServerUpdatesThread:309 - End of LoadServerUpdate Thread
2023-07-31 09:57:58,544 [INFO] CheckServerUpdateThread:102 - End of CheckServer Thread
2023-07-31 09:57:58,604 [WARN] IntegrityCheckThread:61 - waiting for thirdparty lock release [integrity check]
2023-07-31 09:57:58,604 [INFO] IntegrityCheckThread:63 - entering critical section [integrity check]
2023-07-31 09:57:58,632 [INFO] MainUpdater:2268 - connection check result : 10
2023-07-31 09:57:58,659 [INFO] ThirdPartyDb:299 - Save Third Party DataBase File (C:/Users/abdom/.stm32cubemx/plugins/thirdparty/db/thirdparties_db.xml) [forced]
2023-07-31 09:57:58,668 [INFO] ThirdPartyDb:299 - Save Third Party DataBase File (C:/Users/abdom/.stm32cubemx/plugins/thirdparty/db/thirdparties_db.xml) [forced]
2023-07-31 09:57:58,673 [INFO] ThirdPartyDb:299 - Save Third Party DataBase File (C:/Users/abdom/.stm32cubemx/plugins/thirdparty/db/thirdparties_db.xml) [forced]
2023-07-31 09:57:58,676 [INFO] ThirdPartyDb:299 - Save Third Party DataBase File (C:/Users/abdom/.stm32cubemx/plugins/thirdparty/db/thirdparties_db.xml) [forced]
2023-07-31 09:57:58,680 [INFO] ThirdPartyDb:299 - Save Third Party DataBase File (C:/Users/abdom/.stm32cubemx/plugins/thirdparty/db/thirdparties_db.xml) [forced]
2023-07-31 09:57:58,683 [INFO] IntegrityCheckThread:76 - exiting critical section [integrity check]
2023-07-31 09:57:58,683 [INFO] IntegrityCheckThread:79 - End integrity checks thread
2023-07-31 09:57:59,048 [INFO] ServerAccessManage:348 - Download File mcusDocs.json._tmp_
2023-07-31 09:57:59,844 [INFO] LoadUrlFilesThread:135 - End of LoadUrlFiles Thread
2023-07-31 09:58:00,028 [INFO] ServerAccessManage:348 - Download File mcusFeaturesAndDescription.json._tmp_
2023-07-31 09:58:04,715 [INFO] LoadUrlFilesThread:135 - End of LoadUrlFiles Thread
2023-07-31 09:58:04,877 [INFO] ServerAccessManage:348 - Download File boardsDocs.json._tmp_
2023-07-31 09:58:04,923 [INFO] LoadUrlFilesThread:135 - End of LoadUrlFiles Thread
2023-07-31 09:58:05,132 [INFO] ServerAccessManage:348 - Download File boards.json._tmp_
2023-07-31 09:58:05,396 [INFO] LoadUrlFilesThread:135 - End of LoadUrlFiles Thread
2023-07-31 09:58:05,782 [INFO] ServerAccessManage:348 - Download File cube-finder-db.zip
2023-07-31 09:58:19,961 [INFO] FileExtend:225 - Unzip File : cube-finder-db.zip
2023-07-31 09:58:19,963 [INFO] FileExtend:240 - Standard Zip Deflate
2023-07-31 09:58:20,695 [INFO] LoadUrlFilesThread:135 - End of LoadUrlFiles Thread
2023-07-31 09:58:21,567 [INFO] ServerAccessManage:348 - Download File crdb.zip
2023-07-31 09:58:22,235 [INFO] FileExtend:225 - Unzip File : crdb.zip
2023-07-31 09:58:22,237 [INFO] FileExtend:240 - Standard Zip Deflate
2023-07-31 09:58:22,270 [INFO] LoadUrlFilesThread:135 - End of LoadUrlFiles Thread
2023-07-31 09:58:22,612 [INFO] ServerAccessManage:348 - Download File tutoVideoDB.zip
2023-07-31 09:58:22,735 [INFO] FileExtend:225 - Unzip File : tutoVideoDB.zip
2023-07-31 09:58:22,737 [INFO] FileExtend:240 - Standard Zip Deflate
2023-07-31 09:58:22,758 [INFO] LoadUrlFilesThread:135 - End of LoadUrlFiles Thread
2023-07-31 09:58:22,781 [INFO] DbMcusDocs:145 - JSON generation date=Tue Nov 16 19:17:54 AST 2021 (1637079474)
2023-07-31 09:58:22,782 [INFO] DbMcusXml:100 - Load MCU database from C:\ST\STM32CubeIDE_1.4.0\STM32CubeIDE\plugins\com.st.stm32cube.common.mx_6.0.0.202007160824\\db\/mcu/families.xml
2023-07-31 09:58:23,609 [INFO] DbMcusJson:92 - JSON generation date=Tue Nov 16 19:17:54 AST 2021 (1637079474)
2023-07-31 09:58:24,712 [INFO] DbMcus:175 - Found 1761 MCUs (1722 are supported by CubeMX, 1911 are visible in CubeMX)
2023-07-31 09:58:24,712 [INFO] ApiDb:201 - Load user favorites file C:\Users\abdom/.stm32cubemx/favorites.mcus.txt: 0 item(s)
2023-07-31 09:58:24,713 [INFO] ApiDb:205 - User favorites MCUs=[]
2023-07-31 09:58:24,713 [INFO] DbMcus:187 - Set 0 / 0 favorites MCUs
2023-07-31 09:58:25,010 [INFO] DbMcusDocs:81 - Found 682 MCUs documents
2023-07-31 09:58:25,012 [INFO] ApiDb:226 - Save user favorites file C:\Users\abdom/.stm32cubemx/favorites.mcus.txt: 0 item(s)
2023-07-31 09:58:25,013 [INFO] ApiDb:230 - User favorites MCUs=[]
2023-07-31 09:58:25,013 [INFO] DbMcusXml:100 - Load MCU database from C:\ST\STM32CubeIDE_1.4.0\STM32CubeIDE\plugins\com.st.stm32cube.common.mx_6.0.0.202007160824\\db\/mcu/families.xml
2023-07-31 09:58:25,754 [INFO] DbMcusJson:92 - JSON generation date=Tue Nov 16 19:17:54 AST 2021 (1637079474)
2023-07-31 09:58:26,216 [INFO] DbMcus:175 - Found 1761 MCUs (1722 are supported by CubeMX, 1911 are visible in CubeMX)
2023-07-31 09:58:26,216 [INFO] ApiDb:201 - Load user favorites file C:\Users\abdom/.stm32cubemx/favorites.mcus.txt: 0 item(s)
2023-07-31 09:58:26,217 [INFO] ApiDb:205 - User favorites MCUs=[]
2023-07-31 09:58:26,217 [INFO] DbMcus:187 - Set 0 / 0 favorites MCUs
2023-07-31 09:58:26,224 [INFO] DbBoardsDocs:145 - JSON generation date=Tue Nov 16 19:17:54 AST 2021 (1637079474)
2023-07-31 09:58:26,258 [INFO] DbBoardsPdsc:94 - Found 23 items
2023-07-31 09:58:26,267 [INFO] DbBoardsPdsc:94 - Found 9 items
2023-07-31 09:58:26,279 [INFO] DbBoardsPdsc:94 - Found 29 items
2023-07-31 09:58:26,289 [INFO] DbBoardsPdsc:94 - Found 1 items
2023-07-31 09:58:26,303 [INFO] DbBoardsPdsc:94 - Found 44 items
2023-07-31 09:58:26,343 [INFO] DbBoardsPdsc:94 - Found 40 items
2023-07-31 09:58:26,362 [INFO] DbBoardsPdsc:94 - Found 2 items
2023-07-31 09:58:26,377 [INFO] DbBoardsPdsc:94 - Found 4 items
2023-07-31 09:58:26,385 [WARN] DbBoardsPdsc:258 - Board STM32H7B3I-DK: unknown feature type=Audio, name=, username=Audio stereo codec with Headphone Amp (CS42L51-CNZ), n=1
2023-07-31 09:58:26,385 [WARN] DbBoardsPdsc:258 - Board STM32H735G-DK: unknown feature type=Audio, name=, username=Audio stereo codec with Headphone Amp (WM8994ECS/R), n=1
2023-07-31 09:58:26,387 [WARN] DbBoardsPdsc:258 - Board STM32H7B3I-EVAL: unknown feature type=Audio, name=, username=Multi-Channel Audio Codec (CS42L51-CNZ), n=1
2023-07-31 09:58:26,387 [WARN] DbBoardsPdsc:258 - Board STM32H7B3I-EVAL: unknown feature type=Meter, name=, username=Power-metering and Temperature-monitoring with sigma-delta modulators, n=1
2023-07-31 09:58:26,387 [WARN] DbBoardsPdsc:258 - Board STM32H7B3I-EVAL: unknown feature type=Motor, name=, username=Motor Control, n=1
2023-07-31 09:58:26,435 [INFO] DbBoardsJson:85 - JSON generation date=Tue Nov 16 19:17:54 AST 2021 (1637079474)
2023-07-31 09:58:26,445 [INFO] DbBoards:117 - Found 166 boards (149 are supported by CubeMX)
2023-07-31 09:58:26,499 [INFO] DbBoardsDocs:145 - JSON generation date=Tue Nov 16 19:17:54 AST 2021 (1637079474)
2023-07-31 09:58:26,503 [INFO] DbBoardsDocs:81 - Found 209 boards documents
2023-07-31 09:58:26,505 [WARN] DbBoards:127 - board B-L475E-IOT01A2 has no document id list !
2023-07-31 09:58:26,506 [WARN] DbBoards:127 - board NUCLEO-H743ZI has no document id list !
2023-07-31 09:58:26,507 [WARN] DbBoards:127 - board P-NUCLEO-WB55-Nucleo has no document id list !
2023-07-31 09:58:26,507 [WARN] DbBoards:127 - board P-NUCLEO-WB55-USBDongle has no document id list !
2023-07-31 09:58:26,507 [WARN] DbBoards:127 - board STEVAL-BFA001V1B has no document id list !
2023-07-31 09:58:26,507 [WARN] DbBoards:127 - board STEVAL-BFA001V2B has no document id list !
2023-07-31 09:58:26,507 [WARN] DbBoards:127 - board STEVAL-IDP005V1 has no document id list !
2023-07-31 09:58:26,508 [WARN] DbBoards:127 - board STEVAL-IDP005V2 has no document id list !
2023-07-31 09:58:26,508 [WARN] DbBoards:127 - board STEVAL-MKSBOX1V1 has no document id list !
2023-07-31 09:58:26,508 [WARN] DbBoards:127 - board STEVAL-STWINKT1 has no document id list !
2023-07-31 09:58:26,508 [WARN] DbBoards:127 - board STEVAL-STWINKT1B has no document id list !
2023-07-31 09:58:26,508 [WARN] DbBoards:127 - board STM32439I-EVAL2 has no document id list !
2023-07-31 09:58:26,508 [WARN] DbBoards:127 - board STM32F401C-DISCO has no document id list !
2023-07-31 09:58:26,509 [WARN] DbBoards:127 - board STM32F769I-DISC1 has no document id list !
2023-07-31 09:58:26,509 [WARN] DbBoards:127 - board STM32G474E-EVAL1 has no document id list !
2023-07-31 09:58:26,509 [WARN] DbBoards:127 - board STM32H743I-EVAL2 has no document id list !
2023-07-31 09:58:26,509 [WARN] DbBoards:127 - board STM32H747I-DISC1 has no document id list !
2023-07-31 09:58:26,509 [WARN] DbBoards:127 - board STM32H753I-EVAL2 has no document id list !
2023-07-31 09:58:26,510 [WARN] DbBoards:127 - board STM32L-DISCOVERY has no document id list !
2023-07-31 09:58:26,588 [ERROR] DbBoards:189 - Image file not found for board B-L462E-CELL1: C:\ST\STM32CubeIDE_1.4.0\STM32CubeIDE\plugins\com.st.stm32cube.common.mx_6.0.0.202007160824\\db\/plugins/mcufinder/images/boards/B-L462E-CELL1_small.jpg
2023-07-31 09:58:26,643 [ERROR] DbBoards:189 - Image file not found for board B-U585I-IOT02A: C:\ST\STM32CubeIDE_1.4.0\STM32CubeIDE\plugins\com.st.stm32cube.common.mx_6.0.0.202007160824\\db\/plugins/mcufinder/images/boards/B-U585I-IOT02A_small.jpg
2023-07-31 09:58:26,725 [ERROR] DbBoards:189 - Image file not found for board NUCLEO-F413ZH: C:\ST\STM32CubeIDE_1.4.0\STM32CubeIDE\plugins\com.st.stm32cube.common.mx_6.0.0.202007160824\\db\/plugins/mcufinder/images/boards/nucleo-f413zh_small.jpg
2023-07-31 09:58:26,869 [ERROR] DbBoards:189 - Image file not found for board NUCLEO-L552ZE-Q: C:\ST\STM32CubeIDE_1.4.0\STM32CubeIDE\plugins\com.st.stm32cube.common.mx_6.0.0.202007160824\\db\/plugins/mcufinder/images/boards/nucleo_l552ze_q_small.jpg
2023-07-31 09:58:26,869 [ERROR] DbBoards:189 - Image file not found for board NUCLEO-U575ZI-Q: C:\ST\STM32CubeIDE_1.4.0\STM32CubeIDE\plugins\com.st.stm32cube.common.mx_6.0.0.202007160824\\db\/plugins/mcufinder/images/boards/nucleo-u575zi-q_small.jpg
2023-07-31 09:58:26,869 [ERROR] DbBoards:189 - Image file not found for board NUCLEO-WB15CC: C:\ST\STM32CubeIDE_1.4.0\STM32CubeIDE\plugins\com.st.stm32cube.common.mx_6.0.0.202007160824\\db\/plugins/mcufinder/images/boards/nucleo-wb15cc_small.jpg
2023-07-31 09:58:26,869 [ERROR] DbBoards:189 - Image file not found for board NUCLEO-WB55RG: C:\ST\STM32CubeIDE_1.4.0\STM32CubeIDE\plugins\com.st.stm32cube.common.mx_6.0.0.202007160824\\db\/plugins/mcufinder/images/boards/nucleo-wb55rg_small.jpg
2023-07-31 09:58:26,870 [ERROR] DbBoards:189 - Image file not found for board NUCLEO-WL55JC: C:\ST\STM32CubeIDE_1.4.0\STM32CubeIDE\plugins\com.st.stm32cube.common.mx_6.0.0.202007160824\\db\/plugins/mcufinder/images/boards/nucleo-wl55jc-small.jpg
2023-07-31 09:58:27,053 [ERROR] DbBoards:189 - Image file not found for board STEVAL-STWINKT1B: C:\ST\STM32CubeIDE_1.4.0\STM32CubeIDE\plugins\com.st.stm32cube.common.mx_6.0.0.202007160824\\db\/plugins/mcufinder/images/boards/steval-stwinkt1b_small.jpg
2023-07-31 09:58:27,425 [ERROR] DbBoards:189 - Image file not found for board STM32G0C1E-EV: C:\ST\STM32CubeIDE_1.4.0\STM32CubeIDE\plugins\com.st.stm32cube.common.mx_6.0.0.202007160824\\db\/plugins/mcufinder/images/boards/stm32g0c1e-eval_small.jpg
2023-07-31 09:58:27,523 [ERROR] DbBoards:189 - Image file not found for board STM32H7B3I-EVAL: C:\ST\STM32CubeIDE_1.4.0\STM32CubeIDE\plugins\com.st.stm32cube.common.mx_6.0.0.202007160824\\db\/plugins/mcufinder/images/boards/stm32h7b3ieval_small.jpg
2023-07-31 09:58:27,727 [ERROR] DbBoards:189 - Image file not found for board STM32U575I-EV: C:\ST\STM32CubeIDE_1.4.0\STM32CubeIDE\plugins\com.st.stm32cube.common.mx_6.0.0.202007160824\\db\/plugins/mcufinder/images/boards/stm32u575i-ev_small.jpg
2023-07-31 09:58:27,766 [ERROR] DbBoards:189 - Image file not found for board STM32WB5MM-DK: C:\ST\STM32CubeIDE_1.4.0\STM32CubeIDE\plugins\com.st.stm32cube.common.mx_6.0.0.202007160824\\db\/plugins/mcufinder/images/boards/STM32WB5MM-DK_small.jpg
2023-07-31 09:58:27,767 [INFO] ApiDb:201 - Load user favorites file C:\Users\abdom/.stm32cubemx/favorites.boards.txt: 0 item(s)
2023-07-31 09:58:27,767 [INFO] ApiDb:205 - User favorites Boards=[]
2023-07-31 09:58:27,767 [INFO] DbBoards:206 - Set 0 / 0 favorites Boards
2023-07-31 09:58:27,769 [INFO] DbBoardsDocs:81 - Found 418 boards documents
2023-07-31 09:58:27,769 [INFO] ApiDb:226 - Save user favorites file C:\Users\abdom/.stm32cubemx/favorites.boards.txt: 0 item(s)
2023-07-31 09:58:27,770 [INFO] ApiDb:230 - User favorites Boards=[]
2023-07-31 09:58:27,772 [INFO] DbBoardsPdsc:94 - Found 23 items
2023-07-31 09:58:27,773 [INFO] DbBoardsPdsc:94 - Found 9 items
2023-07-31 09:58:27,775 [INFO] DbBoardsPdsc:94 - Found 29 items
2023-07-31 09:58:27,776 [INFO] DbBoardsPdsc:94 - Found 1 items
2023-07-31 09:58:27,780 [INFO] DbBoardsPdsc:94 - Found 44 items
2023-07-31 09:58:27,784 [INFO] DbBoardsPdsc:94 - Found 40 items
2023-07-31 09:58:27,785 [INFO] DbBoardsPdsc:94 - Found 2 items
2023-07-31 09:58:27,787 [INFO] DbBoardsPdsc:94 - Found 4 items
2023-07-31 09:58:27,789 [WARN] DbBoardsPdsc:258 - Board STM32H7B3I-DK: unknown feature type=Audio, name=, username=Audio stereo codec with Headphone Amp (CS42L51-CNZ), n=1
2023-07-31 09:58:27,789 [WARN] DbBoardsPdsc:258 - Board STM32H735G-DK: unknown feature type=Audio, name=, username=Audio stereo codec with Headphone Amp (WM8994ECS/R), n=1
2023-07-31 09:58:27,791 [WARN] DbBoardsPdsc:258 - Board STM32H7B3I-EVAL: unknown feature type=Audio, name=, username=Multi-Channel Audio Codec (CS42L51-CNZ), n=1
2023-07-31 09:58:27,791 [WARN] DbBoardsPdsc:258 - Board STM32H7B3I-EVAL: unknown feature type=Meter, name=, username=Power-metering and Temperature-monitoring with sigma-delta modulators, n=1
2023-07-31 09:58:27,791 [WARN] DbBoardsPdsc:258 - Board STM32H7B3I-EVAL: unknown feature type=Motor, name=, username=Motor Control, n=1
2023-07-31 09:58:27,805 [INFO] DbBoardsJson:85 - JSON generation date=Tue Nov 16 19:17:54 AST 2021 (1637079474)
2023-07-31 09:58:27,808 [INFO] DbBoards:117 - Found 166 boards (149 are supported by CubeMX)
2023-07-31 09:58:27,809 [WARN] DbBoards:127 - board B-L475E-IOT01A2 has no document id list !
2023-07-31 09:58:27,809 [WARN] DbBoards:127 - board NUCLEO-H743ZI has no document id list !
2023-07-31 09:58:27,809 [WARN] DbBoards:127 - board P-NUCLEO-WB55-Nucleo has no document id list !
2023-07-31 09:58:27,810 [WARN] DbBoards:127 - board P-NUCLEO-WB55-USBDongle has no document id list !
2023-07-31 09:58:27,810 [WARN] DbBoards:127 - board STEVAL-BFA001V1B has no document id list !
2023-07-31 09:58:27,810 [WARN] DbBoards:127 - board STEVAL-BFA001V2B has no document id list !
2023-07-31 09:58:27,810 [WARN] DbBoards:127 - board STEVAL-IDP005V1 has no document id list !
2023-07-31 09:58:27,810 [WARN] DbBoards:127 - board STEVAL-IDP005V2 has no document id list !
2023-07-31 09:58:27,810 [WARN] DbBoards:127 - board STEVAL-MKSBOX1V1 has no document id list !
2023-07-31 09:58:27,810 [WARN] DbBoards:127 - board STEVAL-STWINKT1 has no document id list !
2023-07-31 09:58:27,810 [WARN] DbBoards:127 - board STEVAL-STWINKT1B has no document id list !
2023-07-31 09:58:27,810 [WARN] DbBoards:127 - board STM32439I-EVAL2 has no document id list !
2023-07-31 09:58:27,810 [WARN] DbBoards:127 - board STM32F401C-DISCO has no document id list !
2023-07-31 09:58:27,810 [WARN] DbBoards:127 - board STM32F769I-DISC1 has no document id list !
2023-07-31 09:58:27,810 [WARN] DbBoards:127 - board STM32G474E-EVAL1 has no document id list !
2023-07-31 09:58:27,810 [WARN] DbBoards:127 - board STM32H743I-EVAL2 has no document id list !
2023-07-31 09:58:27,811 [WARN] DbBoards:127 - board STM32H747I-DISC1 has no document id list !
2023-07-31 09:58:27,811 [WARN] DbBoards:127 - board STM32H753I-EVAL2 has no document id list !
2023-07-31 09:58:27,811 [WARN] DbBoards:127 - board STM32L-DISCOVERY has no document id list !
2023-07-31 09:58:27,841 [ERROR] DbBoards:189 - Image file not found for board B-L462E-CELL1: C:\ST\STM32CubeIDE_1.4.0\STM32CubeIDE\plugins\com.st.stm32cube.common.mx_6.0.0.202007160824\\db\/plugins/mcufinder/images/boards/B-L462E-CELL1_small.jpg
2023-07-31 09:58:27,894 [ERROR] DbBoards:189 - Image file not found for board B-U585I-IOT02A: C:\ST\STM32CubeIDE_1.4.0\STM32CubeIDE\plugins\com.st.stm32cube.common.mx_6.0.0.202007160824\\db\/plugins/mcufinder/images/boards/B-U585I-IOT02A_small.jpg
2023-07-31 09:58:27,956 [ERROR] DbBoards:189 - Image file not found for board NUCLEO-F413ZH: C:\ST\STM32CubeIDE_1.4.0\STM32CubeIDE\plugins\com.st.stm32cube.common.mx_6.0.0.202007160824\\db\/plugins/mcufinder/images/boards/nucleo-f413zh_small.jpg
2023-07-31 09:58:28,099 [ERROR] DbBoards:189 - Image file not found for board NUCLEO-L552ZE-Q: C:\ST\STM32CubeIDE_1.4.0\STM32CubeIDE\plugins\com.st.stm32cube.common.mx_6.0.0.202007160824\\db\/plugins/mcufinder/images/boards/nucleo_l552ze_q_small.jpg
2023-07-31 09:58:28,099 [ERROR] DbBoards:189 - Image file not found for board NUCLEO-U575ZI-Q: C:\ST\STM32CubeIDE_1.4.0\STM32CubeIDE\plugins\com.st.stm32cube.common.mx_6.0.0.202007160824\\db\/plugins/mcufinder/images/boards/nucleo-u575zi-q_small.jpg
2023-07-31 09:58:28,099 [ERROR] DbBoards:189 - Image file not found for board NUCLEO-WB15CC: C:\ST\STM32CubeIDE_1.4.0\STM32CubeIDE\plugins\com.st.stm32cube.common.mx_6.0.0.202007160824\\db\/plugins/mcufinder/images/boards/nucleo-wb15cc_small.jpg
2023-07-31 09:58:28,099 [ERROR] DbBoards:189 - Image file not found for board NUCLEO-WB55RG: C:\ST\STM32CubeIDE_1.4.0\STM32CubeIDE\plugins\com.st.stm32cube.common.mx_6.0.0.202007160824\\db\/plugins/mcufinder/images/boards/nucleo-wb55rg_small.jpg
2023-07-31 09:58:28,099 [ERROR] DbBoards:189 - Image file not found for board NUCLEO-WL55JC: C:\ST\STM32CubeIDE_1.4.0\STM32CubeIDE\plugins\com.st.stm32cube.common.mx_6.0.0.202007160824\\db\/plugins/mcufinder/images/boards/nucleo-wl55jc-small.jpg
2023-07-31 09:58:28,202 [ERROR] DbBoards:189 - Image file not found for board STEVAL-STWINKT1B: C:\ST\STM32CubeIDE_1.4.0\STM32CubeIDE\plugins\com.st.stm32cube.common.mx_6.0.0.202007160824\\db\/plugins/mcufinder/images/boards/steval-stwinkt1b_small.jpg
2023-07-31 09:58:28,404 [ERROR] DbBoards:189 - Image file not found for board STM32G0C1E-EV: C:\ST\STM32CubeIDE_1.4.0\STM32CubeIDE\plugins\com.st.stm32cube.common.mx_6.0.0.202007160824\\db\/plugins/mcufinder/images/boards/stm32g0c1e-eval_small.jpg
2023-07-31 09:58:28,473 [ERROR] DbBoards:189 - Image file not found for board STM32H7B3I-EVAL: C:\ST\STM32CubeIDE_1.4.0\STM32CubeIDE\plugins\com.st.stm32cube.common.mx_6.0.0.202007160824\\db\/plugins/mcufinder/images/boards/stm32h7b3ieval_small.jpg
2023-07-31 09:58:28,629 [ERROR] DbBoards:189 - Image file not found for board STM32U575I-EV: C:\ST\STM32CubeIDE_1.4.0\STM32CubeIDE\plugins\com.st.stm32cube.common.mx_6.0.0.202007160824\\db\/plugins/mcufinder/images/boards/stm32u575i-ev_small.jpg
2023-07-31 09:58:28,650 [ERROR] DbBoards:189 - Image file not found for board STM32WB5MM-DK: C:\ST\STM32CubeIDE_1.4.0\STM32CubeIDE\plugins\com.st.stm32cube.common.mx_6.0.0.202007160824\\db\/plugins/mcufinder/images/boards/STM32WB5MM-DK_small.jpg
2023-07-31 09:58:28,650 [INFO] ApiDb:201 - Load user favorites file C:\Users\abdom/.stm32cubemx/favorites.boards.txt: 0 item(s)
2023-07-31 09:58:28,650 [INFO] ApiDb:205 - User favorites Boards=[]
2023-07-31 09:58:28,650 [INFO] DbBoards:206 - Set 0 / 0 favorites Boards
2023-07-31 09:58:28,784 [INFO] DbExamplesSqlite:156 - SQLite db open (C:\Users\abdom\.stmcufinder\plugins\mcufinder\mcu\cube-finder-db.db)
2023-07-31 09:58:29,566 [INFO] DbExamplesSqlite:447 - Ignored 0 examples not supported by CubeIDE
2023-07-31 09:58:29,566 [INFO] DbExamplesSqlite:448 - Found 7164 examples active
2023-07-31 09:58:29,566 [INFO] DbExamplesSqlite:449 - Found 677 examples obsolete
2023-07-31 09:58:29,566 [INFO] DbExamplesSqlite:450 - Found 0 examples under development
2023-07-31 09:58:29,566 [INFO] DbExamplesSqlite:451 - Found 74 examples not building
2023-07-31 09:58:29,656 [INFO] DbExamplesSqlite:130 - SQLite Data Model version=2.1
2023-07-31 09:58:29,656 [INFO] DbExamplesSqlite:131 - SQLite Configuration version=3.0.37
2023-07-31 09:58:29,656 [INFO] DbExamplesSqlite:132 - SQLite generation date=2023-06-26 (1687786131)
2023-07-31 09:58:29,656 [INFO] DbExamplesSqlite:133 - SQLite FW Pack versions=[FP-ATR-ASTRA1_V2.0.0, FP-SNS-FLIGHT1_V5.0.1, FP-SNS-MOTENV1_V4.3.1, STM32Cube_FW_C0_V1.1.0, STM32Cube_FW_F4_V1.27.1, STM32Cube_FW_F7_V1.17.0, STM32Cube_FW_G0_V1.6.1, STM32Cube_FW_G4_V1.5.1, STM32Cube_FW_H5_V0.5.1, STM32Cube_FW_H5_V1.1.0, STM32Cube_FW_H7_V1.11.0, STM32Cube_FW_L0_V1.12.2, STM32Cube_FW_L5_V1.5.0, STM32Cube_FW_U5_V1.3.0, STM32Cube_FW_U5_V1.3.0RC4, STM32Cube_FW_WBA_V1.0.0RC1, STM32Cube_FW_WBA_V1.1.0, STM32Cube_FW_WBA_V1.1.0RC1, STM32Cube_FW_WB_V1.15.0RC1, STM32Cube_FW_WB_V1.16.0, STM32Cube_FW_WB_V1.16.0RC2, STM32Cube_FW_WB_V1.17.0, STM32Cube_FW_WL_V1.3.0, X-CUBE-ALGOBUILD_V1.3.0, X-CUBE-ALS_V1.0.1, X-CUBE-AZRTOS-F4_V1.1.0, X-CUBE-AZRTOS-F7_V1.1.0, X-CUBE-AZRTOS-G0_V1.1.0, X-CUBE-AZRTOS-G4_V2.0.0, X-CUBE-AZRTOS-H7_V3.1.0, X-CUBE-AZRTOS-L4_V1.0.0, X-CUBE-AZRTOS-L4_V2.0.0, X-CUBE-AZRTOS-L5_V1.1.0, X-CUBE-AZRTOS-WB_V1.1.0, X-CUBE-AZRTOS-WL_V2.0.0, X-CUBE-BLE1_V6.2.4, X-CUBE-BLE2_V3.3.0, X-CUBE-BLEMGR_V2.0.0, X-CUBE-EEPRMA1_V4.1.0, X-CUBE-FREERTOS_V1.0.1, X-CUBE-GNSS1_V6.0.0, X-CUBE-MEMS1_V9.1.0, X-CUBE-MEMS1_V9.4.0, X-CUBE-MEMS1_V9.6.0, X-CUBE-NFC4_V3.0.0, X-CUBE-NFC7_V1.0.0, X-CUBE-SFXS2LP1_V4.0.0, X-CUBE-SUBG2_V5.0.0]
2023-07-31 09:58:29,657 [INFO] DbExamples:123 - Found 7238 examples
2023-07-31 09:58:30,222 [ERROR] DbExamples:199 - Found 7238 examples with invalid data (board or MCU)
2023-07-31 09:58:30,222 [INFO] DbExamples:215 - Found 77 boards with related examples
2023-07-31 09:58:30,222 [INFO] DbExamples:228 - Found 0 MCUs with related examples
2023-07-31 09:58:30,240 [INFO] ApiDb:192 - User favorites file not found: C:\Users\abdom/.stm32cubemx/favorites.examples.txt
2023-07-31 09:58:30,240 [INFO] DbExamples:249 - Set 0 / 0 favorites Examples
2023-07-31 09:58:30,518 [INFO] McuFinderGlobals:40 - Set McuFinder mode to 2 (CubeIDE integrated)
2023-07-31 09:58:30,727 [INFO] CrossSelectorPresenter:1330 - Cross Selector saved comparison directory: C:\Users\abdom\.stmcufinder\plugins\mcufinder\mcu\cs_comparisons_mx
2023-07-31 09:58:30,732 [INFO] MultiScanPanel:193 - Auto-refresh data requested => check proxy status ongoing
2023-07-31 09:58:30,735 [INFO] FinderPluginLoader:87 - Searching for filters in installed packs
2023-07-31 09:58:31,455 [INFO] LoadUrlFilesThread:162 - End of LoadServerUrlFiles without Thread
2023-07-31 09:58:31,461 [INFO] DetailPanel:331 - Set advertising image to C:/Users/abdom/STM32Cube/Repository/\stm32cubemx-promo_image.jpg
2023-07-31 09:58:31,745 [INFO] McuFilterPanel:245 - Update 0 favorites MCUs
2023-07-31 09:59:09,728 [INFO] LogOutputStream:76 - [STDOUT_REDIRECT] withoutVersionV1.8.4
2023-07-31 09:59:09,729 [INFO] LogOutputStream:76 - [STDOUT_REDIRECT] withoutVersionV1.8.3
2023-07-31 09:59:09,729 [INFO] LogOutputStream:76 - [STDOUT_REDIRECT] withoutVersionV1.8.2
2023-07-31 09:59:09,730 [INFO] LogOutputStream:76 - [STDOUT_REDIRECT] withoutVersionV1.8.1
2023-07-31 09:59:09,730 [INFO] LogOutputStream:76 - [STDOUT_REDIRECT] withoutVersionV1.8.0
2023-07-31 09:59:15,144 [INFO] ApiDb:226 - Save user favorites file C:\Users\abdom/.stm32cubeide/favorites.mcus.txt: 0 item(s)
2023-07-31 09:59:15,145 [INFO] ApiDb:230 - User favorites MCUs=[]
