2023-07-13 09:07:05,968 [INFO] Activator:178 - 


2023-07-13 09:07:05,972 [INFO] Activator:179 - !SESSION log4j initialized
2023-07-13 09:07:11,955 [INFO] ApplicationProperties:181 - Using Application install path: C:\ST\STM32CubeIDE_1.4.0\STM32CubeIDE\plugins\com.st.stm32cube.common.mx_6.0.0.202007160824
2023-07-13 09:07:11,970 [INFO] DbMcusXml:70 - Set database path to: C:\ST\STM32CubeIDE_1.4.0\STM32CubeIDE\plugins\com.st.stm32cube.common.mx_6.0.0.202007160824\\db\/mcu/
2023-07-13 09:07:11,975 [INFO] DbBoardsPdsc:56 - Set plugin database path to: C:\ST\STM32CubeIDE_1.4.0\STM32CubeIDE\plugins\com.st.stm32cube.common.mx_6.0.0.202007160824\\db\/plugins/boardmanager/
2023-07-13 09:07:11,975 [INFO] DbMcus:258 - Set plugin images path to: C:\ST\STM32CubeIDE_1.4.0\STM32CubeIDE\plugins\com.st.stm32cube.common.mx_6.0.0.202007160824\\db\/plugins/mcufinder/images/
2023-07-13 09:07:11,977 [INFO] DbBoards:264 - Set plugin images path to: C:\ST\STM32CubeIDE_1.4.0\STM32CubeIDE\plugins\com.st.stm32cube.common.mx_6.0.0.202007160824\\db\/plugins/mcufinder/images/
2023-07-13 09:07:11,980 [INFO] DbExamples:326 - Set plugin images path to: C:\ST\STM32CubeIDE_1.4.0\STM32CubeIDE\plugins\com.st.stm32cube.common.mx_6.0.0.202007160824\\db\/plugins/mcufinder/images/
2023-07-13 09:07:11,988 [INFO] DbMcusDocs:112 - Set database path to: C:\Users\abdom\.stmcufinder\plugins\mcufinder//mcu/
2023-07-13 09:07:11,991 [INFO] DbMcusJson:63 - Set database path to: C:\Users\abdom\.stmcufinder\plugins\mcufinder//mcu/
2023-07-13 09:07:11,992 [INFO] DbBoardsDocs:112 - Set database path to: C:\Users\abdom\.stmcufinder\plugins\mcufinder//mcu/
2023-07-13 09:07:11,992 [INFO] DbBoardsJson:56 - Set database path to: C:\Users\abdom\.stmcufinder\plugins\mcufinder//mcu/
2023-07-13 09:07:11,997 [INFO] CrossReferenceDbSqlite:196 - Set database path to: C:\Users\abdom\.stmcufinder\plugins\mcufinder//mcu/cs/
2023-07-13 09:07:11,997 [INFO] DbExamplesSqlite:800 - Set database path to: C:\Users\abdom\.stmcufinder\plugins\mcufinder//mcu/
2023-07-13 09:07:12,135 [INFO] RulesReader:52 - Compatibility file has been processed (209 Rules)
2023-07-13 09:07:12,246 [INFO] MicroXplorer:564 - Detected Java Version = 1.8.0_252
2023-07-13 09:07:12,246 [INFO] DbMcusXml:70 - Set database path to: C:\ST\STM32CubeIDE_1.4.0\STM32CubeIDE\plugins\com.st.stm32cube.common.mx_6.0.0.202007160824\\db\/mcu/
2023-07-13 09:07:12,247 [INFO] DbBoardsPdsc:56 - Set plugin database path to: C:\ST\STM32CubeIDE_1.4.0\STM32CubeIDE\plugins\com.st.stm32cube.common.mx_6.0.0.202007160824\\db\/plugins/boardmanager/
2023-07-13 09:07:12,248 [INFO] DbMcus:258 - Set plugin images path to: C:\ST\STM32CubeIDE_1.4.0\STM32CubeIDE\plugins\com.st.stm32cube.common.mx_6.0.0.202007160824\\db\/plugins/mcufinder/images/
2023-07-13 09:07:12,248 [INFO] DbBoards:264 - Set plugin images path to: C:\ST\STM32CubeIDE_1.4.0\STM32CubeIDE\plugins\com.st.stm32cube.common.mx_6.0.0.202007160824\\db\/plugins/mcufinder/images/
2023-07-13 09:07:12,248 [INFO] DbExamples:326 - Set plugin images path to: C:\ST\STM32CubeIDE_1.4.0\STM32CubeIDE\plugins\com.st.stm32cube.common.mx_6.0.0.202007160824\\db\/plugins/mcufinder/images/
2023-07-13 09:07:12,248 [WARN] DbFile:36 - Overriding database path with different value: C:\Users\abdom\.stmcufinder\plugins\mcufinder/ => C:\Users\abdom\.stmcufinder\plugins\mcufinder
2023-07-13 09:07:12,249 [INFO] DbMcusDocs:112 - Set database path to: C:\Users\abdom\.stmcufinder\plugins\mcufinder//mcu/
2023-07-13 09:07:12,249 [WARN] DbFile:36 - Overriding database path with different value: C:\Users\abdom\.stmcufinder\plugins\mcufinder/ => C:\Users\abdom\.stmcufinder\plugins\mcufinder
2023-07-13 09:07:12,249 [INFO] DbMcusJson:63 - Set database path to: C:\Users\abdom\.stmcufinder\plugins\mcufinder//mcu/
2023-07-13 09:07:12,249 [WARN] DbFile:36 - Overriding database path with different value: C:\Users\abdom\.stmcufinder\plugins\mcufinder/ => C:\Users\abdom\.stmcufinder\plugins\mcufinder
2023-07-13 09:07:12,249 [INFO] DbBoardsDocs:112 - Set database path to: C:\Users\abdom\.stmcufinder\plugins\mcufinder//mcu/
2023-07-13 09:07:12,249 [WARN] DbFile:36 - Overriding database path with different value: C:\Users\abdom\.stmcufinder\plugins\mcufinder/ => C:\Users\abdom\.stmcufinder\plugins\mcufinder
2023-07-13 09:07:12,250 [INFO] DbBoardsJson:56 - Set database path to: C:\Users\abdom\.stmcufinder\plugins\mcufinder//mcu/
2023-07-13 09:07:12,250 [WARN] DbFile:36 - Overriding database path with different value: C:\Users\abdom\.stmcufinder\plugins\mcufinder/ => C:\Users\abdom\.stmcufinder\plugins\mcufinder
2023-07-13 09:07:12,250 [WARN] DbFile:36 - Overriding database path with different value: C:\Users\abdom\.stmcufinder\plugins\mcufinder/ => C:\Users\abdom\.stmcufinder\plugins\mcufinder
2023-07-13 09:07:12,250 [INFO] CrossReferenceDbSqlite:196 - Set database path to: C:\Users\abdom\.stmcufinder\plugins\mcufinder//mcu/cs/
2023-07-13 09:07:12,250 [WARN] DbFile:36 - Overriding database path with different value: C:\Users\abdom\.stmcufinder\plugins\mcufinder/ => C:\Users\abdom\.stmcufinder\plugins\mcufinder
2023-07-13 09:07:12,250 [INFO] DbExamplesSqlite:800 - Set database path to: C:\Users\abdom\.stmcufinder\plugins\mcufinder//mcu/
2023-07-13 09:07:12,349 [INFO] MainPanel:189 - HeapMemory: 268435456
2023-07-13 09:07:12,442 [INFO] DbMcusXml:70 - Set database path to: C:\ST\STM32CubeIDE_1.4.0\STM32CubeIDE\plugins\com.st.stm32cube.common.mx_6.0.0.202007160824\\db\/mcu/
2023-07-13 09:07:12,442 [INFO] DbBoardsPdsc:56 - Set plugin database path to: C:\ST\STM32CubeIDE_1.4.0\STM32CubeIDE\plugins\com.st.stm32cube.common.mx_6.0.0.202007160824\\db\/plugins/boardmanager/
2023-07-13 09:07:12,442 [INFO] DbMcus:258 - Set plugin images path to: C:\ST\STM32CubeIDE_1.4.0\STM32CubeIDE\plugins\com.st.stm32cube.common.mx_6.0.0.202007160824\\db\/plugins/mcufinder/images/
2023-07-13 09:07:12,442 [INFO] DbBoards:264 - Set plugin images path to: C:\ST\STM32CubeIDE_1.4.0\STM32CubeIDE\plugins\com.st.stm32cube.common.mx_6.0.0.202007160824\\db\/plugins/mcufinder/images/
2023-07-13 09:07:12,442 [INFO] DbExamples:326 - Set plugin images path to: C:\ST\STM32CubeIDE_1.4.0\STM32CubeIDE\plugins\com.st.stm32cube.common.mx_6.0.0.202007160824\\db\/plugins/mcufinder/images/
2023-07-13 09:07:12,442 [WARN] DbFile:36 - Overriding database path with different value: C:\Users\abdom\.stmcufinder\plugins\mcufinder/ => C:\Users\abdom\.stmcufinder\plugins\mcufinder
2023-07-13 09:07:12,442 [INFO] DbMcusDocs:112 - Set database path to: C:\Users\abdom\.stmcufinder\plugins\mcufinder//mcu/
2023-07-13 09:07:12,442 [WARN] DbFile:36 - Overriding database path with different value: C:\Users\abdom\.stmcufinder\plugins\mcufinder/ => C:\Users\abdom\.stmcufinder\plugins\mcufinder
2023-07-13 09:07:12,442 [INFO] DbMcusJson:63 - Set database path to: C:\Users\abdom\.stmcufinder\plugins\mcufinder//mcu/
2023-07-13 09:07:12,442 [WARN] DbFile:36 - Overriding database path with different value: C:\Users\abdom\.stmcufinder\plugins\mcufinder/ => C:\Users\abdom\.stmcufinder\plugins\mcufinder
2023-07-13 09:07:12,442 [INFO] DbBoardsDocs:112 - Set database path to: C:\Users\abdom\.stmcufinder\plugins\mcufinder//mcu/
2023-07-13 09:07:12,442 [WARN] DbFile:36 - Overriding database path with different value: C:\Users\abdom\.stmcufinder\plugins\mcufinder/ => C:\Users\abdom\.stmcufinder\plugins\mcufinder
2023-07-13 09:07:12,442 [INFO] DbBoardsJson:56 - Set database path to: C:\Users\abdom\.stmcufinder\plugins\mcufinder//mcu/
2023-07-13 09:07:12,442 [WARN] DbFile:36 - Overriding database path with different value: C:\Users\abdom\.stmcufinder\plugins\mcufinder/ => C:\Users\abdom\.stmcufinder\plugins\mcufinder
2023-07-13 09:07:12,442 [WARN] DbFile:36 - Overriding database path with different value: C:\Users\abdom\.stmcufinder\plugins\mcufinder/ => C:\Users\abdom\.stmcufinder\plugins\mcufinder
2023-07-13 09:07:12,442 [INFO] CrossReferenceDbSqlite:196 - Set database path to: C:\Users\abdom\.stmcufinder\plugins\mcufinder//mcu/cs/
2023-07-13 09:07:12,446 [WARN] DbFile:36 - Overriding database path with different value: C:\Users\abdom\.stmcufinder\plugins\mcufinder/ => C:\Users\abdom\.stmcufinder\plugins\mcufinder
2023-07-13 09:07:12,446 [INFO] DbExamplesSqlite:800 - Set database path to: C:\Users\abdom\.stmcufinder\plugins\mcufinder//mcu/
2023-07-13 09:07:12,465 [INFO] ApplicationProperties:181 - Using Application install path: C:\ST\STM32CubeIDE_1.4.0\STM32CubeIDE\plugins\com.st.stm32cube.common.mx_6.0.0.202007160824
2023-07-13 09:07:12,468 [INFO] PluginManage:178 - Search for loadable plugins [exclusion list=, ]
2023-07-13 09:07:12,469 [INFO] PluginManage:292 - Check plugin analytics
2023-07-13 09:07:12,649 [INFO] AnalyticsPlugin:203 - Accepted Software Licenses: 
2023-07-13 09:07:12,649 [INFO] AnalyticsPlugin:205 - Accepted CMSIS Pack Licenses: 
2023-07-13 09:07:12,649 [INFO] AnalyticsPlugin:207 - Accepted Firmware Licenses: 
2023-07-13 09:07:12,649 [INFO] PluginManage:342 - Loaded plugin analytics (category:tool,tabindex:-1)
2023-07-13 09:07:12,651 [INFO] PluginManage:292 - Check plugin clock
2023-07-13 09:07:12,671 [INFO] PluginManage:342 - Loaded plugin clock (category:base,tabindex:2)
2023-07-13 09:07:12,671 [INFO] PluginManage:292 - Check plugin ddr
2023-07-13 09:07:12,675 [INFO] PluginManage:342 - Loaded plugin ddr (category:tool,tabindex:6)
2023-07-13 09:07:12,675 [INFO] PluginManage:292 - Check plugin filemanager
2023-07-13 09:07:12,876 [INFO] PluginManage:342 - Loaded plugin filemanager (category:base,tabindex:10)
2023-07-13 09:07:12,876 [INFO] PluginManage:292 - Check plugin ipmanager
2023-07-13 09:07:12,888 [INFO] PluginManage:342 - Loaded plugin ipmanager (category:base,tabindex:5)
2023-07-13 09:07:12,888 [INFO] PluginManage:292 - Check plugin pinoutandconfiguration
2023-07-13 09:07:12,908 [INFO] PluginManage:342 - Loaded plugin pinoutandconfiguration (category:base,tabindex:1)
2023-07-13 09:07:12,908 [INFO] PluginManage:292 - Check plugin pinoutconfig
2023-07-13 09:07:12,943 [INFO] PluginManage:342 - Loaded plugin pinoutconfig (category:base,tabindex:0)
2023-07-13 09:07:12,943 [INFO] PluginManage:292 - Check plugin power
2023-07-13 09:07:12,968 [INFO] PluginManage:342 - Loaded plugin power (category:power,tabindex:4)
2023-07-13 09:07:12,968 [INFO] PluginManage:292 - Check plugin projectmanager
2023-07-13 09:07:12,987 [INFO] PluginManage:342 - Loaded plugin projectmanager (category:projectmanager,tabindex:3)
2023-07-13 09:07:12,987 [INFO] PluginManage:292 - Check plugin thirdparty
2023-07-13 09:07:13,140 [INFO] ThirdPartyDb:333 - Open Third Party DataBase File (C:/Users/abdom/.stm32cubemx/plugins/thirdparty/db/thirdparties_db.xml) : 47 ms. number of Sw pack : 44
2023-07-13 09:07:13,146 [INFO] PluginManage:342 - Loaded plugin thirdparty (category:base,tabindex:-1)
2023-07-13 09:07:13,146 [INFO] PluginManage:292 - Check plugin tools
2023-07-13 09:07:13,210 [INFO] PluginManage:342 - Loaded plugin tools (category:base,tabindex:7)
2023-07-13 09:07:13,210 [INFO] PluginManage:292 - Check plugin tutovideos
2023-07-13 09:07:13,489 [INFO] PluginManage:342 - Loaded plugin tutovideos (category:base,tabindex:-1)
2023-07-13 09:07:13,489 [INFO] PluginManage:292 - Check plugin updater
2023-07-13 09:07:13,507 [INFO] PluginManage:342 - Loaded plugin updater (category:base,tabindex:12)
2023-07-13 09:07:13,507 [INFO] PluginManage:265 - PluginManage : Loaded plugins [13]
2023-07-13 09:07:13,720 [INFO] PinOutPanel:1418 - setPackage(No Configuration,No Configuration)
2023-07-13 09:07:13,820 [INFO] IPUIPlugin:64 - create IPUIPlugin
2023-07-13 09:07:13,820 [INFO] PluginManager:200 - loadIPPluginJar : add adc
2023-07-13 09:07:13,858 [INFO] IPUIPlugin:64 - create IPUIPlugin
2023-07-13 09:07:13,858 [INFO] PluginManager:200 - loadIPPluginJar : add aes
2023-07-13 09:07:13,916 [INFO] IPUIPlugin:64 - create IPUIPlugin
2023-07-13 09:07:13,917 [INFO] PluginManager:200 - loadIPPluginJar : add can
2023-07-13 09:07:13,971 [INFO] IPUIPlugin:64 - create IPUIPlugin
2023-07-13 09:07:13,971 [INFO] PluginManager:200 - loadIPPluginJar : add comp
2023-07-13 09:07:14,020 [INFO] IPUIPlugin:64 - create IPUIPlugin
2023-07-13 09:07:14,020 [INFO] PluginManager:200 - loadIPPluginJar : add cryp
2023-07-13 09:07:14,058 [INFO] IPUIPlugin:64 - create IPUIPlugin
2023-07-13 09:07:14,058 [INFO] PluginManager:200 - loadIPPluginJar : add dfsdm
2023-07-13 09:07:14,067 [INFO] IPUIPlugin:64 - create IPUIPlugin
2023-07-13 09:07:14,067 [INFO] PluginManager:200 - loadIPPluginJar : add dma
2023-07-13 09:07:14,103 [INFO] IPUIPlugin:64 - create IPUIPlugin
2023-07-13 09:07:14,103 [INFO] PluginManager:200 - loadIPPluginJar : add fatfs
2023-07-13 09:07:14,158 [INFO] IPUIPlugin:64 - create IPUIPlugin
2023-07-13 09:07:14,172 [INFO] PluginManager:200 - loadIPPluginJar : add fmc
2023-07-13 09:07:14,186 [INFO] IPUIPlugin:64 - create IPUIPlugin
2023-07-13 09:07:14,186 [INFO] PluginManager:200 - loadIPPluginJar : add freertos
2023-07-13 09:07:14,238 [INFO] IPUIPlugin:64 - create IPUIPlugin
2023-07-13 09:07:14,238 [INFO] PluginManager:200 - loadIPPluginJar : add genericplugin
2023-07-13 09:07:14,451 [INFO] IPUIPlugin:64 - create IPUIPlugin
2023-07-13 09:07:14,451 [INFO] PluginManager:200 - loadIPPluginJar : add gfxmmu
2023-07-13 09:07:14,591 [INFO] IPUIPlugin:64 - create IPUIPlugin
2023-07-13 09:07:14,591 [INFO] PluginManager:200 - loadIPPluginJar : add gic
2023-07-13 09:07:14,614 [INFO] IPUIPlugin:64 - create IPUIPlugin
2023-07-13 09:07:14,614 [INFO] PluginManager:200 - loadIPPluginJar : add gpio
2023-07-13 09:07:14,724 [INFO] IPUIPlugin:64 - create IPUIPlugin
2023-07-13 09:07:14,724 [INFO] PluginManager:200 - loadIPPluginJar : add gtzc
2023-07-13 09:07:14,760 [INFO] IPUIPlugin:64 - create IPUIPlugin
2023-07-13 09:07:14,760 [INFO] PluginManager:200 - loadIPPluginJar : add hash
2023-07-13 09:07:14,804 [INFO] IPUIPlugin:64 - create IPUIPlugin
2023-07-13 09:07:14,818 [INFO] PluginManager:200 - loadIPPluginJar : add i2c
2023-07-13 09:07:14,875 [INFO] IPUIPlugin:64 - create IPUIPlugin
2023-07-13 09:07:14,875 [INFO] PluginManager:200 - loadIPPluginJar : add i2s
2023-07-13 09:07:14,902 [INFO] IPUIPlugin:64 - create IPUIPlugin
2023-07-13 09:07:14,902 [INFO] PluginManager:200 - loadIPPluginJar : add ipddr
2023-07-13 09:07:14,974 [INFO] IPUIPlugin:64 - create IPUIPlugin
2023-07-13 09:07:14,974 [INFO] PluginManager:200 - loadIPPluginJar : add ltdc
2023-07-13 09:07:14,994 [INFO] IPUIPlugin:64 - create IPUIPlugin
2023-07-13 09:07:14,998 [INFO] PluginManager:200 - loadIPPluginJar : add mdma
2023-07-13 09:07:15,017 [INFO] IPUIPlugin:64 - create IPUIPlugin
2023-07-13 09:07:15,019 [INFO] PluginManager:200 - loadIPPluginJar : add nvic
2023-07-13 09:07:15,082 [INFO] IPUIPlugin:64 - create IPUIPlugin
2023-07-13 09:07:15,083 [INFO] PluginManager:200 - loadIPPluginJar : add opamp
2023-07-13 09:07:15,165 [INFO] IPUIPlugin:64 - create IPUIPlugin
2023-07-13 09:07:15,165 [INFO] PluginManager:200 - loadIPPluginJar : add openamp
2023-07-13 09:07:15,224 [INFO] IPUIPlugin:64 - create IPUIPlugin
2023-07-13 09:07:15,224 [INFO] PluginManager:200 - loadIPPluginJar : add pdm2pcm
2023-07-13 09:07:15,263 [INFO] IPUIPlugin:64 - create IPUIPlugin
2023-07-13 09:07:15,263 [INFO] PluginManager:200 - loadIPPluginJar : add plateformsettings
2023-07-13 09:07:15,309 [INFO] IPUIPlugin:64 - create IPUIPlugin
2023-07-13 09:07:15,309 [INFO] PluginManager:200 - loadIPPluginJar : add quadspi
2023-07-13 09:07:15,345 [INFO] IPUIPlugin:64 - create IPUIPlugin
2023-07-13 09:07:15,345 [INFO] PluginManager:200 - loadIPPluginJar : add resmgrutility
2023-07-13 09:07:15,436 [INFO] IPUIPlugin:64 - create IPUIPlugin
2023-07-13 09:07:15,436 [INFO] PluginManager:200 - loadIPPluginJar : add sai
2023-07-13 09:07:15,491 [INFO] IPUIPlugin:64 - create IPUIPlugin
2023-07-13 09:07:15,491 [INFO] PluginManager:200 - loadIPPluginJar : add spi
2023-07-13 09:07:15,546 [INFO] IPUIPlugin:64 - create IPUIPlugin
2023-07-13 09:07:15,546 [INFO] PluginManager:200 - loadIPPluginJar : add stm32_wpan
2023-07-13 09:07:15,584 [INFO] IPUIPlugin:64 - create IPUIPlugin
2023-07-13 09:07:15,584 [INFO] PluginManager:200 - loadIPPluginJar : add tim
2023-07-13 09:07:15,676 [INFO] IPUIPlugin:64 - create IPUIPlugin
2023-07-13 09:07:15,676 [INFO] PluginManager:200 - loadIPPluginJar : add touchsensing
2023-07-13 09:07:15,735 [INFO] IPUIPlugin:64 - create IPUIPlugin
2023-07-13 09:07:15,736 [INFO] PluginManager:200 - loadIPPluginJar : add tracer_emb
2023-07-13 09:07:15,781 [INFO] IPUIPlugin:64 - create IPUIPlugin
2023-07-13 09:07:15,781 [INFO] PluginManager:200 - loadIPPluginJar : add ts
2023-07-13 09:07:15,817 [INFO] IPUIPlugin:64 - create IPUIPlugin
2023-07-13 09:07:15,817 [INFO] PluginManager:200 - loadIPPluginJar : add tsc
2023-07-13 09:07:15,853 [INFO] IPUIPlugin:64 - create IPUIPlugin
2023-07-13 09:07:15,853 [INFO] PluginManager:200 - loadIPPluginJar : add ucpd
2023-07-13 09:07:15,896 [INFO] IPUIPlugin:64 - create IPUIPlugin
2023-07-13 09:07:15,896 [INFO] PluginManager:200 - loadIPPluginJar : add usart
2023-07-13 09:07:16,726 [INFO] CubeProgrammer:457 - [DDR PANEL] - PathOfProgrammer: null
2023-07-13 09:07:17,754 [FATAL] Updater:282 - Updater called before beeing initialized
2023-07-13 09:07:17,961 [FATAL] Updater:282 - Updater called before beeing initialized
2023-07-13 09:07:17,961 [WARN] ThirdParty:775 - waiting for thirdparty lock release [close project]
2023-07-13 09:07:17,961 [INFO] ThirdParty:777 - entering critical section [close project]
2023-07-13 09:07:17,961 [INFO] ThirdParty:790 - exiting critical section [close project]
2023-07-13 09:07:17,967 [INFO] PinOutPanel:1418 - setPackage(No Configuration,No Configuration)
2023-07-13 09:07:17,968 [FATAL] Updater:282 - Updater called before beeing initialized
2023-07-13 09:07:17,979 [ERROR] Updater:967 - MainUpdater not yet initialized. External WinMGr cannot be set.
2023-07-13 09:07:17,981 [INFO] CubeProgrammer:457 - [DDR PANEL] - PathOfProgrammer: C:\ST\STM32CubeIDE_1.4.0\STM32CubeIDE\plugins\com.st.stm32cube.ide.mcu.externaltools.cubeprogrammer.win32_1.4.0.202007081208\tools\bin
2023-07-13 09:07:17,986 [INFO] ProgrammerExecThread:148 - [ProgrammerAPI] CubeProgrammer command construction: C:\ST\STM32CubeIDE_1.4.0\STM32CubeIDE\plugins\com.st.stm32cube.ide.mcu.externaltools.cubeprogrammer.win32_1.4.0.202007081208\tools\bin\STM32_Programmer_CLI.exe -l
2023-07-13 09:07:18,432 [INFO] MainDdrPanel:49 - [DDR PANEL] SETTER - Set cubeProgrammerPath to: C:\ST\STM32CubeIDE_1.4.0\STM32CubeIDE\plugins\com.st.stm32cube.ide.mcu.externaltools.cubeprogrammer.win32_1.4.0.202007081208\tools\bin
2023-07-13 09:07:18,605 [INFO] Updater:904 - Updater Version found : 6.0.0
2023-07-13 09:07:18,624 [INFO] ApplicationProperties:181 - Using Application install path: C:\ST\STM32CubeIDE_1.4.0\STM32CubeIDE\plugins\com.st.stm32cube.common.mx_6.0.0.202007160824
2023-07-13 09:07:18,926 [INFO] MainUpdater:2268 - connection check result : 10
2023-07-13 09:07:18,927 [INFO] MainUpdater:239 - Updater Check For Update Now.
2023-07-13 09:07:18,927 [INFO] MicroXplorer:414 - Change Database Version : DB.6.0.0
2023-07-13 09:07:19,057 [INFO] CheckServerUpdateThread:102 - End of CheckServer Thread
2023-07-13 09:07:19,072 [INFO] MainUpdater:2268 - connection check result : 10
2023-07-13 09:07:19,175 [WARN] IntegrityCheckThread:61 - waiting for thirdparty lock release [integrity check]
2023-07-13 09:07:19,175 [INFO] IntegrityCheckThread:63 - entering critical section [integrity check]
2023-07-13 09:07:19,175 [WARN] MainUpdater:1087 - Updater busy. Cannot search thirdparties
2023-07-13 09:07:19,697 [INFO] ServerAccessManage:348 - Download File mcusDocs.json._tmp_
2023-07-13 09:07:20,076 [INFO] LoadUrlFilesThread:135 - End of LoadUrlFiles Thread
2023-07-13 09:07:20,226 [INFO] ServerAccessManage:348 - Download File mcusFeaturesAndDescription.json._tmp_
2023-07-13 09:07:22,184 [WARN] MainUpdater:1087 - Updater busy. Cannot search thirdparties
2023-07-13 09:07:25,186 [WARN] MainUpdater:1087 - Updater busy. Cannot search thirdparties
2023-07-13 09:07:28,197 [WARN] MainUpdater:1087 - Updater busy. Cannot search thirdparties
2023-07-13 09:07:28,886 [INFO] LoadUrlFilesThread:135 - End of LoadUrlFiles Thread
2023-07-13 09:07:28,977 [INFO] ServerAccessManage:348 - Download File boardsDocs.json._tmp_
2023-07-13 09:07:29,019 [INFO] LoadUrlFilesThread:135 - End of LoadUrlFiles Thread
2023-07-13 09:07:29,163 [INFO] ServerAccessManage:348 - Download File boards.json._tmp_
2023-07-13 09:07:29,387 [INFO] LoadUrlFilesThread:135 - End of LoadUrlFiles Thread
2023-07-13 09:07:29,894 [INFO] ServerAccessManage:348 - Download File cube-finder-db.zip
2023-07-13 09:07:31,221 [WARN] MainUpdater:1087 - Updater busy. Cannot search thirdparties
2023-07-13 09:07:34,225 [WARN] MainUpdater:1087 - Updater busy. Cannot search thirdparties
2023-07-13 09:07:37,243 [WARN] MainUpdater:1087 - Updater busy. Cannot search thirdparties
2023-07-13 09:07:40,249 [WARN] MainUpdater:1087 - Updater busy. Cannot search thirdparties
2023-07-13 09:07:43,252 [WARN] MainUpdater:1087 - Updater busy. Cannot search thirdparties
2023-07-13 09:07:44,489 [INFO] FileExtend:225 - Unzip File : cube-finder-db.zip
2023-07-13 09:07:44,493 [INFO] FileExtend:240 - Standard Zip Deflate
2023-07-13 09:07:45,229 [INFO] LoadUrlFilesThread:135 - End of LoadUrlFiles Thread
2023-07-13 09:07:46,252 [WARN] MainUpdater:1087 - Updater busy. Cannot search thirdparties
2023-07-13 09:07:46,325 [INFO] ServerAccessManage:348 - Download File crdb.zip
2023-07-13 09:07:46,904 [INFO] FileExtend:225 - Unzip File : crdb.zip
2023-07-13 09:07:46,907 [INFO] FileExtend:240 - Standard Zip Deflate
2023-07-13 09:07:46,961 [INFO] LoadUrlFilesThread:135 - End of LoadUrlFiles Thread
2023-07-13 09:07:47,279 [INFO] ServerAccessManage:348 - Download File tutoVideoDB.zip
2023-07-13 09:07:47,499 [INFO] FileExtend:225 - Unzip File : tutoVideoDB.zip
2023-07-13 09:07:47,500 [INFO] FileExtend:240 - Standard Zip Deflate
2023-07-13 09:07:47,523 [INFO] LoadUrlFilesThread:135 - End of LoadUrlFiles Thread
2023-07-13 09:07:47,550 [INFO] DbMcusDocs:145 - JSON generation date=Tue Nov 16 19:17:54 AST 2021 (1637079474)
2023-07-13 09:07:47,561 [INFO] DbMcusXml:100 - Load MCU database from C:\ST\STM32CubeIDE_1.4.0\STM32CubeIDE\plugins\com.st.stm32cube.common.mx_6.0.0.202007160824\\db\/mcu/families.xml
2023-07-13 09:07:48,513 [INFO] DbMcusJson:92 - JSON generation date=Tue Nov 16 19:17:54 AST 2021 (1637079474)
2023-07-13 09:07:49,728 [INFO] DbMcus:175 - Found 1761 MCUs (1722 are supported by CubeMX, 1911 are visible in CubeMX)
2023-07-13 09:07:49,728 [INFO] ApiDb:201 - Load user favorites file C:\Users\abdom/.stm32cubemx/favorites.mcus.txt: 0 item(s)
2023-07-13 09:07:49,728 [INFO] ApiDb:205 - User favorites MCUs=[]
2023-07-13 09:07:49,728 [INFO] DbMcus:187 - Set 0 / 0 favorites MCUs
2023-07-13 09:07:50,021 [INFO] ThirdPartyDb:299 - Save Third Party DataBase File (C:/Users/abdom/.stm32cubemx/plugins/thirdparty/db/thirdparties_db.xml) [forced]
2023-07-13 09:07:50,327 [INFO] ThirdPartyDb:299 - Save Third Party DataBase File (C:/Users/abdom/.stm32cubemx/plugins/thirdparty/db/thirdparties_db.xml) [forced]
2023-07-13 09:07:50,376 [INFO] IntegrityCheckThread:76 - exiting critical section [integrity check]
2023-07-13 09:07:50,376 [INFO] IntegrityCheckThread:79 - End integrity checks thread
2023-07-13 09:07:50,385 [INFO] DbMcusDocs:81 - Found 682 MCUs documents
2023-07-13 09:07:50,385 [INFO] ApiDb:226 - Save user favorites file C:\Users\abdom/.stm32cubemx/favorites.mcus.txt: 0 item(s)
2023-07-13 09:07:50,385 [INFO] ApiDb:230 - User favorites MCUs=[]
2023-07-13 09:07:50,450 [INFO] DbMcusXml:100 - Load MCU database from C:\ST\STM32CubeIDE_1.4.0\STM32CubeIDE\plugins\com.st.stm32cube.common.mx_6.0.0.202007160824\\db\/mcu/families.xml
2023-07-13 09:07:51,037 [INFO] DbMcusJson:92 - JSON generation date=Tue Nov 16 19:17:54 AST 2021 (1637079474)
2023-07-13 09:07:51,784 [INFO] DbMcus:175 - Found 1761 MCUs (1722 are supported by CubeMX, 1911 are visible in CubeMX)
2023-07-13 09:07:51,784 [INFO] ApiDb:201 - Load user favorites file C:\Users\abdom/.stm32cubemx/favorites.mcus.txt: 0 item(s)
2023-07-13 09:07:51,784 [INFO] ApiDb:205 - User favorites MCUs=[]
2023-07-13 09:07:51,784 [INFO] DbMcus:187 - Set 0 / 0 favorites MCUs
2023-07-13 09:07:51,784 [INFO] DbBoardsDocs:145 - JSON generation date=Tue Nov 16 19:17:54 AST 2021 (1637079474)
2023-07-13 09:07:51,819 [INFO] DbBoardsPdsc:94 - Found 23 items
2023-07-13 09:07:51,828 [INFO] DbBoardsPdsc:94 - Found 9 items
2023-07-13 09:07:51,842 [INFO] DbBoardsPdsc:94 - Found 29 items
2023-07-13 09:07:51,853 [INFO] DbBoardsPdsc:94 - Found 1 items
2023-07-13 09:07:51,871 [INFO] DbBoardsPdsc:94 - Found 44 items
2023-07-13 09:07:51,889 [INFO] DbBoardsPdsc:94 - Found 40 items
2023-07-13 09:07:51,900 [INFO] DbBoardsPdsc:94 - Found 2 items
2023-07-13 09:07:51,912 [INFO] DbBoardsPdsc:94 - Found 4 items
2023-07-13 09:07:51,920 [WARN] DbBoardsPdsc:258 - Board STM32H7B3I-DK: unknown feature type=Audio, name=, username=Audio stereo codec with Headphone Amp (CS42L51-CNZ), n=1
2023-07-13 09:07:51,920 [WARN] DbBoardsPdsc:258 - Board STM32H735G-DK: unknown feature type=Audio, name=, username=Audio stereo codec with Headphone Amp (WM8994ECS/R), n=1
2023-07-13 09:07:51,922 [WARN] DbBoardsPdsc:258 - Board STM32H7B3I-EVAL: unknown feature type=Audio, name=, username=Multi-Channel Audio Codec (CS42L51-CNZ), n=1
2023-07-13 09:07:51,922 [WARN] DbBoardsPdsc:258 - Board STM32H7B3I-EVAL: unknown feature type=Meter, name=, username=Power-metering and Temperature-monitoring with sigma-delta modulators, n=1
2023-07-13 09:07:51,922 [WARN] DbBoardsPdsc:258 - Board STM32H7B3I-EVAL: unknown feature type=Motor, name=, username=Motor Control, n=1
2023-07-13 09:07:51,991 [INFO] DbBoardsJson:85 - JSON generation date=Tue Nov 16 19:17:54 AST 2021 (1637079474)
2023-07-13 09:07:51,998 [INFO] DbBoards:117 - Found 166 boards (149 are supported by CubeMX)
2023-07-13 09:07:51,999 [INFO] DbBoardsDocs:145 - JSON generation date=Tue Nov 16 19:17:54 AST 2021 (1637079474)
2023-07-13 09:07:52,004 [INFO] DbBoardsDocs:81 - Found 209 boards documents
2023-07-13 09:07:52,005 [WARN] DbBoards:127 - board B-L475E-IOT01A2 has no document id list !
2023-07-13 09:07:52,006 [WARN] DbBoards:127 - board NUCLEO-H743ZI has no document id list !
2023-07-13 09:07:52,007 [WARN] DbBoards:127 - board P-NUCLEO-WB55-Nucleo has no document id list !
2023-07-13 09:07:52,007 [WARN] DbBoards:127 - board P-NUCLEO-WB55-USBDongle has no document id list !
2023-07-13 09:07:52,007 [WARN] DbBoards:127 - board STEVAL-BFA001V1B has no document id list !
2023-07-13 09:07:52,007 [WARN] DbBoards:127 - board STEVAL-BFA001V2B has no document id list !
2023-07-13 09:07:52,007 [WARN] DbBoards:127 - board STEVAL-IDP005V1 has no document id list !
2023-07-13 09:07:52,007 [WARN] DbBoards:127 - board STEVAL-IDP005V2 has no document id list !
2023-07-13 09:07:52,008 [WARN] DbBoards:127 - board STEVAL-MKSBOX1V1 has no document id list !
2023-07-13 09:07:52,008 [WARN] DbBoards:127 - board STEVAL-STWINKT1 has no document id list !
2023-07-13 09:07:52,008 [WARN] DbBoards:127 - board STEVAL-STWINKT1B has no document id list !
2023-07-13 09:07:52,008 [WARN] DbBoards:127 - board STM32439I-EVAL2 has no document id list !
2023-07-13 09:07:52,008 [WARN] DbBoards:127 - board STM32F401C-DISCO has no document id list !
2023-07-13 09:07:52,008 [WARN] DbBoards:127 - board STM32F769I-DISC1 has no document id list !
2023-07-13 09:07:52,009 [WARN] DbBoards:127 - board STM32G474E-EVAL1 has no document id list !
2023-07-13 09:07:52,009 [WARN] DbBoards:127 - board STM32H743I-EVAL2 has no document id list !
2023-07-13 09:07:52,009 [WARN] DbBoards:127 - board STM32H747I-DISC1 has no document id list !
2023-07-13 09:07:52,009 [WARN] DbBoards:127 - board STM32H753I-EVAL2 has no document id list !
2023-07-13 09:07:52,009 [WARN] DbBoards:127 - board STM32L-DISCOVERY has no document id list !
2023-07-13 09:07:52,095 [ERROR] DbBoards:189 - Image file not found for board B-L462E-CELL1: C:\ST\STM32CubeIDE_1.4.0\STM32CubeIDE\plugins\com.st.stm32cube.common.mx_6.0.0.202007160824\\db\/plugins/mcufinder/images/boards/B-L462E-CELL1_small.jpg
2023-07-13 09:07:52,152 [ERROR] DbBoards:189 - Image file not found for board B-U585I-IOT02A: C:\ST\STM32CubeIDE_1.4.0\STM32CubeIDE\plugins\com.st.stm32cube.common.mx_6.0.0.202007160824\\db\/plugins/mcufinder/images/boards/B-U585I-IOT02A_small.jpg
2023-07-13 09:07:52,239 [ERROR] DbBoards:189 - Image file not found for board NUCLEO-F413ZH: C:\ST\STM32CubeIDE_1.4.0\STM32CubeIDE\plugins\com.st.stm32cube.common.mx_6.0.0.202007160824\\db\/plugins/mcufinder/images/boards/nucleo-f413zh_small.jpg
2023-07-13 09:07:52,397 [ERROR] DbBoards:189 - Image file not found for board NUCLEO-L552ZE-Q: C:\ST\STM32CubeIDE_1.4.0\STM32CubeIDE\plugins\com.st.stm32cube.common.mx_6.0.0.202007160824\\db\/plugins/mcufinder/images/boards/nucleo_l552ze_q_small.jpg
2023-07-13 09:07:52,397 [ERROR] DbBoards:189 - Image file not found for board NUCLEO-U575ZI-Q: C:\ST\STM32CubeIDE_1.4.0\STM32CubeIDE\plugins\com.st.stm32cube.common.mx_6.0.0.202007160824\\db\/plugins/mcufinder/images/boards/nucleo-u575zi-q_small.jpg
2023-07-13 09:07:52,397 [ERROR] DbBoards:189 - Image file not found for board NUCLEO-WB15CC: C:\ST\STM32CubeIDE_1.4.0\STM32CubeIDE\plugins\com.st.stm32cube.common.mx_6.0.0.202007160824\\db\/plugins/mcufinder/images/boards/nucleo-wb15cc_small.jpg
2023-07-13 09:07:52,397 [ERROR] DbBoards:189 - Image file not found for board NUCLEO-WB55RG: C:\ST\STM32CubeIDE_1.4.0\STM32CubeIDE\plugins\com.st.stm32cube.common.mx_6.0.0.202007160824\\db\/plugins/mcufinder/images/boards/nucleo-wb55rg_small.jpg
2023-07-13 09:07:52,397 [ERROR] DbBoards:189 - Image file not found for board NUCLEO-WL55JC: C:\ST\STM32CubeIDE_1.4.0\STM32CubeIDE\plugins\com.st.stm32cube.common.mx_6.0.0.202007160824\\db\/plugins/mcufinder/images/boards/nucleo-wl55jc-small.jpg
2023-07-13 09:07:52,572 [ERROR] DbBoards:189 - Image file not found for board STEVAL-STWINKT1B: C:\ST\STM32CubeIDE_1.4.0\STM32CubeIDE\plugins\com.st.stm32cube.common.mx_6.0.0.202007160824\\db\/plugins/mcufinder/images/boards/steval-stwinkt1b_small.jpg
2023-07-13 09:07:53,047 [ERROR] DbBoards:189 - Image file not found for board STM32G0C1E-EV: C:\ST\STM32CubeIDE_1.4.0\STM32CubeIDE\plugins\com.st.stm32cube.common.mx_6.0.0.202007160824\\db\/plugins/mcufinder/images/boards/stm32g0c1e-eval_small.jpg
2023-07-13 09:07:53,165 [ERROR] DbBoards:189 - Image file not found for board STM32H7B3I-EVAL: C:\ST\STM32CubeIDE_1.4.0\STM32CubeIDE\plugins\com.st.stm32cube.common.mx_6.0.0.202007160824\\db\/plugins/mcufinder/images/boards/stm32h7b3ieval_small.jpg
2023-07-13 09:07:53,401 [ERROR] DbBoards:189 - Image file not found for board STM32U575I-EV: C:\ST\STM32CubeIDE_1.4.0\STM32CubeIDE\plugins\com.st.stm32cube.common.mx_6.0.0.202007160824\\db\/plugins/mcufinder/images/boards/stm32u575i-ev_small.jpg
2023-07-13 09:07:53,444 [ERROR] DbBoards:189 - Image file not found for board STM32WB5MM-DK: C:\ST\STM32CubeIDE_1.4.0\STM32CubeIDE\plugins\com.st.stm32cube.common.mx_6.0.0.202007160824\\db\/plugins/mcufinder/images/boards/STM32WB5MM-DK_small.jpg
2023-07-13 09:07:53,444 [INFO] ApiDb:201 - Load user favorites file C:\Users\abdom/.stm32cubemx/favorites.boards.txt: 0 item(s)
2023-07-13 09:07:53,444 [INFO] ApiDb:205 - User favorites Boards=[]
2023-07-13 09:07:53,444 [INFO] DbBoards:206 - Set 0 / 0 favorites Boards
2023-07-13 09:07:53,452 [INFO] DbBoardsDocs:81 - Found 418 boards documents
2023-07-13 09:07:53,452 [INFO] ApiDb:226 - Save user favorites file C:\Users\abdom/.stm32cubemx/favorites.boards.txt: 0 item(s)
2023-07-13 09:07:53,452 [INFO] ApiDb:230 - User favorites Boards=[]
2023-07-13 09:07:53,456 [INFO] DbBoardsPdsc:94 - Found 23 items
2023-07-13 09:07:53,457 [INFO] DbBoardsPdsc:94 - Found 9 items
2023-07-13 09:07:53,460 [INFO] DbBoardsPdsc:94 - Found 29 items
2023-07-13 09:07:53,461 [INFO] DbBoardsPdsc:94 - Found 1 items
2023-07-13 09:07:53,465 [INFO] DbBoardsPdsc:94 - Found 44 items
2023-07-13 09:07:53,471 [INFO] DbBoardsPdsc:94 - Found 40 items
2023-07-13 09:07:53,472 [INFO] DbBoardsPdsc:94 - Found 2 items
2023-07-13 09:07:53,474 [INFO] DbBoardsPdsc:94 - Found 4 items
2023-07-13 09:07:53,477 [WARN] DbBoardsPdsc:258 - Board STM32H7B3I-DK: unknown feature type=Audio, name=, username=Audio stereo codec with Headphone Amp (CS42L51-CNZ), n=1
2023-07-13 09:07:53,477 [WARN] DbBoardsPdsc:258 - Board STM32H735G-DK: unknown feature type=Audio, name=, username=Audio stereo codec with Headphone Amp (WM8994ECS/R), n=1
2023-07-13 09:07:53,477 [WARN] DbBoardsPdsc:258 - Board STM32H7B3I-EVAL: unknown feature type=Audio, name=, username=Multi-Channel Audio Codec (CS42L51-CNZ), n=1
2023-07-13 09:07:53,480 [WARN] DbBoardsPdsc:258 - Board STM32H7B3I-EVAL: unknown feature type=Meter, name=, username=Power-metering and Temperature-monitoring with sigma-delta modulators, n=1
2023-07-13 09:07:53,480 [WARN] DbBoardsPdsc:258 - Board STM32H7B3I-EVAL: unknown feature type=Motor, name=, username=Motor Control, n=1
2023-07-13 09:07:53,490 [INFO] DbBoardsJson:85 - JSON generation date=Tue Nov 16 19:17:54 AST 2021 (1637079474)
2023-07-13 09:07:53,497 [INFO] DbBoards:117 - Found 166 boards (149 are supported by CubeMX)
2023-07-13 09:07:53,497 [WARN] DbBoards:127 - board B-L475E-IOT01A2 has no document id list !
2023-07-13 09:07:53,497 [WARN] DbBoards:127 - board NUCLEO-H743ZI has no document id list !
2023-07-13 09:07:53,497 [WARN] DbBoards:127 - board P-NUCLEO-WB55-Nucleo has no document id list !
2023-07-13 09:07:53,497 [WARN] DbBoards:127 - board P-NUCLEO-WB55-USBDongle has no document id list !
2023-07-13 09:07:53,497 [WARN] DbBoards:127 - board STEVAL-BFA001V1B has no document id list !
2023-07-13 09:07:53,497 [WARN] DbBoards:127 - board STEVAL-BFA001V2B has no document id list !
2023-07-13 09:07:53,497 [WARN] DbBoards:127 - board STEVAL-IDP005V1 has no document id list !
2023-07-13 09:07:53,497 [WARN] DbBoards:127 - board STEVAL-IDP005V2 has no document id list !
2023-07-13 09:07:53,497 [WARN] DbBoards:127 - board STEVAL-MKSBOX1V1 has no document id list !
2023-07-13 09:07:53,497 [WARN] DbBoards:127 - board STEVAL-STWINKT1 has no document id list !
2023-07-13 09:07:53,497 [WARN] DbBoards:127 - board STEVAL-STWINKT1B has no document id list !
2023-07-13 09:07:53,497 [WARN] DbBoards:127 - board STM32439I-EVAL2 has no document id list !
2023-07-13 09:07:53,497 [WARN] DbBoards:127 - board STM32F401C-DISCO has no document id list !
2023-07-13 09:07:53,500 [WARN] DbBoards:127 - board STM32F769I-DISC1 has no document id list !
2023-07-13 09:07:53,500 [WARN] DbBoards:127 - board STM32G474E-EVAL1 has no document id list !
2023-07-13 09:07:53,500 [WARN] DbBoards:127 - board STM32H743I-EVAL2 has no document id list !
2023-07-13 09:07:53,500 [WARN] DbBoards:127 - board STM32H747I-DISC1 has no document id list !
2023-07-13 09:07:53,500 [WARN] DbBoards:127 - board STM32H753I-EVAL2 has no document id list !
2023-07-13 09:07:53,500 [WARN] DbBoards:127 - board STM32L-DISCOVERY has no document id list !
2023-07-13 09:07:53,534 [ERROR] DbBoards:189 - Image file not found for board B-L462E-CELL1: C:\ST\STM32CubeIDE_1.4.0\STM32CubeIDE\plugins\com.st.stm32cube.common.mx_6.0.0.202007160824\\db\/plugins/mcufinder/images/boards/B-L462E-CELL1_small.jpg
2023-07-13 09:07:53,568 [ERROR] DbBoards:189 - Image file not found for board B-U585I-IOT02A: C:\ST\STM32CubeIDE_1.4.0\STM32CubeIDE\plugins\com.st.stm32cube.common.mx_6.0.0.202007160824\\db\/plugins/mcufinder/images/boards/B-U585I-IOT02A_small.jpg
2023-07-13 09:07:53,631 [ERROR] DbBoards:189 - Image file not found for board NUCLEO-F413ZH: C:\ST\STM32CubeIDE_1.4.0\STM32CubeIDE\plugins\com.st.stm32cube.common.mx_6.0.0.202007160824\\db\/plugins/mcufinder/images/boards/nucleo-f413zh_small.jpg
2023-07-13 09:07:53,773 [ERROR] DbBoards:189 - Image file not found for board NUCLEO-L552ZE-Q: C:\ST\STM32CubeIDE_1.4.0\STM32CubeIDE\plugins\com.st.stm32cube.common.mx_6.0.0.202007160824\\db\/plugins/mcufinder/images/boards/nucleo_l552ze_q_small.jpg
2023-07-13 09:07:53,773 [ERROR] DbBoards:189 - Image file not found for board NUCLEO-U575ZI-Q: C:\ST\STM32CubeIDE_1.4.0\STM32CubeIDE\plugins\com.st.stm32cube.common.mx_6.0.0.202007160824\\db\/plugins/mcufinder/images/boards/nucleo-u575zi-q_small.jpg
2023-07-13 09:07:53,773 [ERROR] DbBoards:189 - Image file not found for board NUCLEO-WB15CC: C:\ST\STM32CubeIDE_1.4.0\STM32CubeIDE\plugins\com.st.stm32cube.common.mx_6.0.0.202007160824\\db\/plugins/mcufinder/images/boards/nucleo-wb15cc_small.jpg
2023-07-13 09:07:53,773 [ERROR] DbBoards:189 - Image file not found for board NUCLEO-WB55RG: C:\ST\STM32CubeIDE_1.4.0\STM32CubeIDE\plugins\com.st.stm32cube.common.mx_6.0.0.202007160824\\db\/plugins/mcufinder/images/boards/nucleo-wb55rg_small.jpg
2023-07-13 09:07:53,773 [ERROR] DbBoards:189 - Image file not found for board NUCLEO-WL55JC: C:\ST\STM32CubeIDE_1.4.0\STM32CubeIDE\plugins\com.st.stm32cube.common.mx_6.0.0.202007160824\\db\/plugins/mcufinder/images/boards/nucleo-wl55jc-small.jpg
2023-07-13 09:07:53,884 [ERROR] DbBoards:189 - Image file not found for board STEVAL-STWINKT1B: C:\ST\STM32CubeIDE_1.4.0\STM32CubeIDE\plugins\com.st.stm32cube.common.mx_6.0.0.202007160824\\db\/plugins/mcufinder/images/boards/steval-stwinkt1b_small.jpg
2023-07-13 09:07:54,097 [ERROR] DbBoards:189 - Image file not found for board STM32G0C1E-EV: C:\ST\STM32CubeIDE_1.4.0\STM32CubeIDE\plugins\com.st.stm32cube.common.mx_6.0.0.202007160824\\db\/plugins/mcufinder/images/boards/stm32g0c1e-eval_small.jpg
2023-07-13 09:07:54,166 [ERROR] DbBoards:189 - Image file not found for board STM32H7B3I-EVAL: C:\ST\STM32CubeIDE_1.4.0\STM32CubeIDE\plugins\com.st.stm32cube.common.mx_6.0.0.202007160824\\db\/plugins/mcufinder/images/boards/stm32h7b3ieval_small.jpg
2023-07-13 09:07:54,291 [ERROR] DbBoards:189 - Image file not found for board STM32U575I-EV: C:\ST\STM32CubeIDE_1.4.0\STM32CubeIDE\plugins\com.st.stm32cube.common.mx_6.0.0.202007160824\\db\/plugins/mcufinder/images/boards/stm32u575i-ev_small.jpg
2023-07-13 09:07:54,310 [ERROR] DbBoards:189 - Image file not found for board STM32WB5MM-DK: C:\ST\STM32CubeIDE_1.4.0\STM32CubeIDE\plugins\com.st.stm32cube.common.mx_6.0.0.202007160824\\db\/plugins/mcufinder/images/boards/STM32WB5MM-DK_small.jpg
2023-07-13 09:07:54,311 [INFO] ApiDb:201 - Load user favorites file C:\Users\abdom/.stm32cubemx/favorites.boards.txt: 0 item(s)
2023-07-13 09:07:54,311 [INFO] ApiDb:205 - User favorites Boards=[]
2023-07-13 09:07:54,311 [INFO] DbBoards:206 - Set 0 / 0 favorites Boards
2023-07-13 09:07:54,430 [INFO] DbExamplesSqlite:156 - SQLite db open (C:\Users\abdom\.stmcufinder\plugins\mcufinder\mcu\cube-finder-db.db)
2023-07-13 09:07:55,256 [INFO] DbExamplesSqlite:447 - Ignored 0 examples not supported by CubeIDE
2023-07-13 09:07:55,256 [INFO] DbExamplesSqlite:448 - Found 7164 examples active
2023-07-13 09:07:55,256 [INFO] DbExamplesSqlite:449 - Found 677 examples obsolete
2023-07-13 09:07:55,256 [INFO] DbExamplesSqlite:450 - Found 0 examples under development
2023-07-13 09:07:55,256 [INFO] DbExamplesSqlite:451 - Found 74 examples not building
2023-07-13 09:07:55,336 [INFO] DbExamplesSqlite:130 - SQLite Data Model version=2.1
2023-07-13 09:07:55,336 [INFO] DbExamplesSqlite:131 - SQLite Configuration version=3.0.37
2023-07-13 09:07:55,336 [INFO] DbExamplesSqlite:132 - SQLite generation date=2023-06-26 (1687786131)
2023-07-13 09:07:55,336 [INFO] DbExamplesSqlite:133 - SQLite FW Pack versions=[FP-ATR-ASTRA1_V2.0.0, FP-SNS-FLIGHT1_V5.0.1, FP-SNS-MOTENV1_V4.3.1, STM32Cube_FW_C0_V1.1.0, STM32Cube_FW_F4_V1.27.1, STM32Cube_FW_F7_V1.17.0, STM32Cube_FW_G0_V1.6.1, STM32Cube_FW_G4_V1.5.1, STM32Cube_FW_H5_V0.5.1, STM32Cube_FW_H5_V1.1.0, STM32Cube_FW_H7_V1.11.0, STM32Cube_FW_L0_V1.12.2, STM32Cube_FW_L5_V1.5.0, STM32Cube_FW_U5_V1.3.0, STM32Cube_FW_U5_V1.3.0RC4, STM32Cube_FW_WBA_V1.0.0RC1, STM32Cube_FW_WBA_V1.1.0, STM32Cube_FW_WBA_V1.1.0RC1, STM32Cube_FW_WB_V1.15.0RC1, STM32Cube_FW_WB_V1.16.0, STM32Cube_FW_WB_V1.16.0RC2, STM32Cube_FW_WB_V1.17.0, STM32Cube_FW_WL_V1.3.0, X-CUBE-ALGOBUILD_V1.3.0, X-CUBE-ALS_V1.0.1, X-CUBE-AZRTOS-F4_V1.1.0, X-CUBE-AZRTOS-F7_V1.1.0, X-CUBE-AZRTOS-G0_V1.1.0, X-CUBE-AZRTOS-G4_V2.0.0, X-CUBE-AZRTOS-H7_V3.1.0, X-CUBE-AZRTOS-L4_V1.0.0, X-CUBE-AZRTOS-L4_V2.0.0, X-CUBE-AZRTOS-L5_V1.1.0, X-CUBE-AZRTOS-WB_V1.1.0, X-CUBE-AZRTOS-WL_V2.0.0, X-CUBE-BLE1_V6.2.4, X-CUBE-BLE2_V3.3.0, X-CUBE-BLEMGR_V2.0.0, X-CUBE-EEPRMA1_V4.1.0, X-CUBE-FREERTOS_V1.0.1, X-CUBE-GNSS1_V6.0.0, X-CUBE-MEMS1_V9.1.0, X-CUBE-MEMS1_V9.4.0, X-CUBE-MEMS1_V9.6.0, X-CUBE-NFC4_V3.0.0, X-CUBE-NFC7_V1.0.0, X-CUBE-SFXS2LP1_V4.0.0, X-CUBE-SUBG2_V5.0.0]
2023-07-13 09:07:55,337 [INFO] DbExamples:123 - Found 7238 examples
2023-07-13 09:07:55,815 [ERROR] DbExamples:199 - Found 7238 examples with invalid data (board or MCU)
2023-07-13 09:07:55,829 [INFO] DbExamples:215 - Found 77 boards with related examples
2023-07-13 09:07:55,829 [INFO] DbExamples:228 - Found 0 MCUs with related examples
2023-07-13 09:07:55,850 [INFO] ApiDb:192 - User favorites file not found: C:\Users\abdom/.stm32cubemx/favorites.examples.txt
2023-07-13 09:07:55,851 [INFO] DbExamples:249 - Set 0 / 0 favorites Examples
2023-07-13 09:07:56,070 [INFO] McuFinderGlobals:40 - Set McuFinder mode to 2 (CubeIDE integrated)
2023-07-13 09:07:56,381 [INFO] CrossSelectorPresenter:1330 - Cross Selector saved comparison directory: C:\Users\abdom\.stmcufinder\plugins\mcufinder\mcu\cs_comparisons_mx
2023-07-13 09:07:56,385 [INFO] MultiScanPanel:193 - Auto-refresh data requested => check proxy status ongoing
2023-07-13 09:07:56,389 [INFO] FinderPluginLoader:87 - Searching for filters in installed packs
2023-07-13 09:07:56,854 [INFO] LoadUrlFilesThread:162 - End of LoadServerUrlFiles without Thread
2023-07-13 09:07:56,889 [INFO] DetailPanel:331 - Set advertising image to C:/Users/abdom/STM32Cube/Repository/\stm32cubemx-promo_image.jpg
2023-07-13 09:07:57,301 [INFO] McuFilterPanel:245 - Update 0 favorites MCUs
2023-07-13 09:08:13,146 [INFO] RetryExec:97 - I/O exception (org.apache.http.NoHttpResponseException) caught when processing request to {s}->https://download.eclipse.org:443: The target server failed to respond
2023-07-13 09:08:13,149 [INFO] RetryExec:113 - Retrying request to {s}->https://download.eclipse.org:443
2023-07-13 09:08:14,020 [INFO] RetryExec:97 - I/O exception (org.apache.http.NoHttpResponseException) caught when processing request to {s}->https://archive.eclipse.org:443: The target server failed to respond
2023-07-13 09:08:14,020 [INFO] RetryExec:113 - Retrying request to {s}->https://archive.eclipse.org:443
2023-07-13 09:08:15,078 [INFO] RetryExec:97 - I/O exception (org.apache.http.NoHttpResponseException) caught when processing request to {s}->https://download.eclipse.org:443: The target server failed to respond
2023-07-13 09:08:15,079 [INFO] RetryExec:113 - Retrying request to {s}->https://download.eclipse.org:443
2023-07-13 09:08:24,494 [INFO] McuAction:78 - Docs & Resources
2023-07-13 09:09:11,082 [INFO] LogOutputStream:76 - [STDOUT_REDIRECT] withoutVersionV1.8.4
2023-07-13 09:09:11,083 [INFO] LogOutputStream:76 - [STDOUT_REDIRECT] withoutVersionV1.8.3
2023-07-13 09:09:11,083 [INFO] LogOutputStream:76 - [STDOUT_REDIRECT] withoutVersionV1.8.2
2023-07-13 09:09:11,084 [INFO] LogOutputStream:76 - [STDOUT_REDIRECT] withoutVersionV1.8.1
2023-07-13 09:09:11,085 [INFO] LogOutputStream:76 - [STDOUT_REDIRECT] withoutVersionV1.8.0
2023-07-13 09:09:16,884 [INFO] ApiDb:226 - Save user favorites file C:\Users\abdom/.stm32cubeide/favorites.mcus.txt: 0 item(s)
2023-07-13 09:09:16,884 [INFO] ApiDb:230 - User favorites MCUs=[]
2023-07-13 08:08:11,029 [INFO] Activator:178 - 


2023-07-13 08:08:11,029 [INFO] Activator:179 - !SESSION log4j initialized
2023-07-13 08:09:06,416 [INFO] RetryExec:97 - I/O exception (org.apache.http.NoHttpResponseException) caught when processing request to {s}->https://download.eclipse.org:443: The target server failed to respond
2023-07-13 08:09:06,429 [INFO] RetryExec:113 - Retrying request to {s}->https://download.eclipse.org:443
2023-07-13 08:09:07,149 [INFO] RetryExec:97 - I/O exception (org.apache.http.NoHttpResponseException) caught when processing request to {s}->https://archive.eclipse.org:443: The target server failed to respond
2023-07-13 08:09:07,149 [INFO] RetryExec:113 - Retrying request to {s}->https://archive.eclipse.org:443
